{"C:\\Program Files\\JetBrains\\WebStorm 2017.2.1\\plugins\\NodeJS\\js\\mocha-intellij\\lib\\mochaIntellijReporter.js":{"path":"C:\\Program Files\\JetBrains\\WebStorm 2017.2.1\\plugins\\NodeJS\\js\\mocha-intellij\\lib\\mochaIntellijReporter.js","statementMap":{"0":{"start":{"line":1,"column":11},"end":{"line":1,"column":41}},"1":{"start":{"line":2,"column":11},"end":{"line":2,"column":41}},"2":{"start":{"line":3,"column":15},"end":{"line":3,"column":41}},"3":{"start":{"line":4,"column":18},"end":{"line":4,"column":57}},"4":{"start":{"line":5,"column":25},"end":{"line":5,"column":58}},"5":{"start":{"line":13,"column":15},"end":{"line":13,"column":51}},"6":{"start":{"line":14,"column":19},"end":{"line":14,"column":28}},"7":{"start":{"line":15,"column":2},"end":{"line":26,"column":3}},"8":{"start":{"line":16,"column":16},"end":{"line":16,"column":31}},"9":{"start":{"line":17,"column":20},"end":{"line":17,"column":31}},"10":{"start":{"line":18,"column":20},"end":{"line":18,"column":51}},"11":{"start":{"line":19,"column":4},"end":{"line":24,"column":5}},"12":{"start":{"line":20,"column":25},"end":{"line":20,"column":74}},"13":{"start":{"line":21,"column":6},"end":{"line":21,"column":81}},"14":{"start":{"line":22,"column":6},"end":{"line":22,"column":27}},"15":{"start":{"line":23,"column":6},"end":{"line":23,"column":49}},"16":{"start":{"line":25,"column":4},"end":{"line":25,"column":27}},"17":{"start":{"line":27,"column":2},"end":{"line":27,"column":20}},"18":{"start":{"line":31,"column":15},"end":{"line":31,"column":17}},"19":{"start":{"line":32,"column":10},"end":{"line":32,"column":15}},"20":{"start":{"line":33,"column":2},"end":{"line":36,"column":3}},"21":{"start":{"line":34,"column":4},"end":{"line":34,"column":19}},"22":{"start":{"line":35,"column":4},"end":{"line":35,"column":17}},"23":{"start":{"line":37,"column":2},"end":{"line":37,"column":19}},"24":{"start":{"line":38,"column":2},"end":{"line":38,"column":16}},"25":{"start":{"line":48,"column":14},"end":{"line":48,"column":16}},"26":{"start":{"line":49,"column":13},"end":{"line":49,"column":19}},"27":{"start":{"line":50,"column":13},"end":{"line":50,"column":27}},"28":{"start":{"line":51,"column":2},"end":{"line":54,"column":3}},"29":{"start":{"line":52,"column":4},"end":{"line":52,"column":26}},"30":{"start":{"line":53,"column":4},"end":{"line":53,"column":23}},"31":{"start":{"line":55,"column":2},"end":{"line":55,"column":33}},"32":{"start":{"line":56,"column":2},"end":{"line":56,"column":18}},"33":{"start":{"line":57,"column":2},"end":{"line":57,"column":24}},"34":{"start":{"line":58,"column":2},"end":{"line":58,"column":52}},"35":{"start":{"line":62,"column":16},"end":{"line":62,"column":33}},"36":{"start":{"line":63,"column":14},"end":{"line":63,"column":23}},"37":{"start":{"line":64,"column":2},"end":{"line":68,"column":3}},"38":{"start":{"line":65,"column":4},"end":{"line":67,"column":5}},"39":{"start":{"line":69,"column":14},"end":{"line":69,"column":36}},"40":{"start":{"line":70,"column":2},"end":{"line":77,"column":3}},"41":{"start":{"line":71,"column":4},"end":{"line":71,"column":53}},"42":{"start":{"line":72,"column":4},"end":{"line":72,"column":40}},"43":{"start":{"line":73,"column":13},"end":{"line":73,"column":17}},"44":{"start":{"line":74,"column":4},"end":{"line":76,"column":5}},"45":{"start":{"line":75,"column":6},"end":{"line":75,"column":41}},"46":{"start":{"line":78,"column":2},"end":{"line":81,"column":3}},"47":{"start":{"line":90,"column":17},"end":{"line":90,"column":46}},"48":{"start":{"line":91,"column":2},"end":{"line":93,"column":3}},"49":{"start":{"line":92,"column":4},"end":{"line":92,"column":58}},"50":{"start":{"line":94,"column":18},"end":{"line":94,"column":62}},"51":{"start":{"line":95,"column":21},"end":{"line":95,"column":70}},"52":{"start":{"line":96,"column":2},"end":{"line":96,"column":70}},"53":{"start":{"line":97,"column":2},"end":{"line":97,"column":22}},"54":{"start":{"line":98,"column":2},"end":{"line":98,"column":42}},"55":{"start":{"line":99,"column":2},"end":{"line":99,"column":18}},"56":{"start":{"line":108,"column":17},"end":{"line":108,"column":46}},"57":{"start":{"line":109,"column":2},"end":{"line":111,"column":3}},"58":{"start":{"line":110,"column":4},"end":{"line":110,"column":44}},"59":{"start":{"line":112,"column":2},"end":{"line":112,"column":19}},"60":{"start":{"line":113,"column":2},"end":{"line":113,"column":18}},"61":{"start":{"line":122,"column":2},"end":{"line":136,"column":3}},"62":{"start":{"line":123,"column":4},"end":{"line":135,"column":5}},"63":{"start":{"line":124,"column":6},"end":{"line":124,"column":30}},"64":{"start":{"line":127,"column":20},"end":{"line":127,"column":39}},"65":{"start":{"line":128,"column":6},"end":{"line":134,"column":7}},"66":{"start":{"line":129,"column":18},"end":{"line":129,"column":50}},"67":{"start":{"line":130,"column":8},"end":{"line":132,"column":9}},"68":{"start":{"line":131,"column":10},"end":{"line":131,"column":55}},"69":{"start":{"line":133,"column":8},"end":{"line":133,"column":32}},"70":{"start":{"line":146,"column":17},"end":{"line":146,"column":46}},"71":{"start":{"line":147,"column":2},"end":{"line":154,"column":3}},"72":{"start":{"line":152,"column":4},"end":{"line":152,"column":29}},"73":{"start":{"line":153,"column":4},"end":{"line":153,"column":11}},"74":{"start":{"line":155,"column":2},"end":{"line":155,"column":35}},"75":{"start":{"line":156,"column":2},"end":{"line":181,"column":3}},"76":{"start":{"line":157,"column":19},"end":{"line":157,"column":50}},"77":{"start":{"line":158,"column":17},"end":{"line":158,"column":46}},"78":{"start":{"line":159,"column":22},"end":{"line":159,"column":26}},"79":{"start":{"line":159,"column":40},"end":{"line":159,"column":44}},"80":{"start":{"line":160,"column":4},"end":{"line":172,"column":5}},"81":{"start":{"line":161,"column":6},"end":{"line":171,"column":7}},"82":{"start":{"line":165,"column":8},"end":{"line":165,"column":42}},"83":{"start":{"line":166,"column":8},"end":{"line":166,"column":38}},"84":{"start":{"line":169,"column":8},"end":{"line":169,"column":54}},"85":{"start":{"line":170,"column":8},"end":{"line":170,"column":50}},"86":{"start":{"line":173,"column":18},"end":{"line":173,"column":37}},"87":{"start":{"line":174,"column":4},"end":{"line":176,"column":104}},"88":{"start":{"line":179,"column":17},"end":{"line":179,"column":83}},"89":{"start":{"line":180,"column":4},"end":{"line":180,"column":83}},"90":{"start":{"line":182,"column":2},"end":{"line":187,"column":3}},"91":{"start":{"line":183,"column":4},"end":{"line":183,"column":33}},"92":{"start":{"line":186,"column":4},"end":{"line":186,"column":27}},"93":{"start":{"line":197,"column":2},"end":{"line":199,"column":3}},"94":{"start":{"line":198,"column":4},"end":{"line":198,"column":21}},"95":{"start":{"line":200,"column":2},"end":{"line":200,"column":15}},"96":{"start":{"line":208,"column":2},"end":{"line":208,"column":30}},"97":{"start":{"line":216,"column":2},"end":{"line":216,"column":85}},"98":{"start":{"line":224,"column":2},"end":{"line":224,"column":86}},"99":{"start":{"line":233,"column":2},"end":{"line":238,"column":5}},"100":{"start":{"line":234,"column":19},"end":{"line":234,"column":48}},"101":{"start":{"line":235,"column":4},"end":{"line":237,"column":5}},"102":{"start":{"line":236,"column":6},"end":{"line":236,"column":51}},"103":{"start":{"line":242,"column":2},"end":{"line":242,"column":46}},"104":{"start":{"line":246,"column":13},"end":{"line":246,"column":18}},"105":{"start":{"line":247,"column":20},"end":{"line":247,"column":54}},"106":{"start":{"line":248,"column":2},"end":{"line":254,"column":3}},"107":{"start":{"line":249,"column":19},"end":{"line":249,"column":55}},"108":{"start":{"line":250,"column":4},"end":{"line":253,"column":5}},"109":{"start":{"line":251,"column":6},"end":{"line":251,"column":45}},"110":{"start":{"line":252,"column":6},"end":{"line":252,"column":18}},"111":{"start":{"line":255,"column":2},"end":{"line":257,"column":3}},"112":{"start":{"line":256,"column":4},"end":{"line":256,"column":46}},"113":{"start":{"line":264,"column":18},"end":{"line":264,"column":49}},"114":{"start":{"line":265,"column":2},"end":{"line":267,"column":3}},"115":{"start":{"line":266,"column":4},"end":{"line":266,"column":61}},"116":{"start":{"line":268,"column":2},"end":{"line":268,"column":26}},"117":{"start":{"line":272,"column":13},"end":{"line":272,"column":39}},"118":{"start":{"line":273,"column":2},"end":{"line":275,"column":3}},"119":{"start":{"line":274,"column":4},"end":{"line":274,"column":28}},"120":{"start":{"line":277,"column":22},"end":{"line":277,"column":40}},"121":{"start":{"line":280,"column":23},"end":{"line":282,"column":4}},"122":{"start":{"line":281,"column":4},"end":{"line":281,"column":27}},"123":{"start":{"line":284,"column":2},"end":{"line":307,"column":5}},"124":{"start":{"line":285,"column":4},"end":{"line":306,"column":7}},"125":{"start":{"line":286,"column":6},"end":{"line":288,"column":9}},"126":{"start":{"line":287,"column":8},"end":{"line":287,"column":32}},"127":{"start":{"line":289,"column":6},"end":{"line":289,"column":51}},"128":{"start":{"line":291,"column":18},"end":{"line":291,"column":20}},"129":{"start":{"line":292,"column":6},"end":{"line":300,"column":9}},"130":{"start":{"line":293,"column":20},"end":{"line":293,"column":24}},"131":{"start":{"line":294,"column":8},"end":{"line":296,"column":9}},"132":{"start":{"line":295,"column":10},"end":{"line":295,"column":54}},"133":{"start":{"line":297,"column":8},"end":{"line":299,"column":9}},"134":{"start":{"line":298,"column":10},"end":{"line":298,"column":27}},"135":{"start":{"line":302,"column":6},"end":{"line":302,"column":75}},"136":{"start":{"line":303,"column":6},"end":{"line":305,"column":9}},"137":{"start":{"line":304,"column":8},"end":{"line":304,"column":37}},"138":{"start":{"line":309,"column":2},"end":{"line":316,"column":5}},"139":{"start":{"line":310,"column":4},"end":{"line":315,"column":7}},"140":{"start":{"line":311,"column":22},"end":{"line":311,"column":53}},"141":{"start":{"line":312,"column":6},"end":{"line":314,"column":7}},"142":{"start":{"line":313,"column":8},"end":{"line":313,"column":26}},"143":{"start":{"line":318,"column":2},"end":{"line":323,"column":5}},"144":{"start":{"line":319,"column":4},"end":{"line":322,"column":7}},"145":{"start":{"line":320,"column":6},"end":{"line":320,"column":34}},"146":{"start":{"line":321,"column":6},"end":{"line":321,"column":28}},"147":{"start":{"line":325,"column":2},"end":{"line":330,"column":5}},"148":{"start":{"line":326,"column":4},"end":{"line":329,"column":7}},"149":{"start":{"line":327,"column":6},"end":{"line":327,"column":34}},"150":{"start":{"line":328,"column":6},"end":{"line":328,"column":55}},"151":{"start":{"line":332,"column":2},"end":{"line":337,"column":5}},"152":{"start":{"line":333,"column":4},"end":{"line":336,"column":7}},"153":{"start":{"line":334,"column":6},"end":{"line":334,"column":34}},"154":{"start":{"line":335,"column":6},"end":{"line":335,"column":55}},"155":{"start":{"line":339,"column":2},"end":{"line":353,"column":5}},"156":{"start":{"line":340,"column":4},"end":{"line":352,"column":7}},"157":{"start":{"line":341,"column":6},"end":{"line":341,"column":34}},"158":{"start":{"line":342,"column":6},"end":{"line":351,"column":7}},"159":{"start":{"line":343,"column":8},"end":{"line":343,"column":53}},"160":{"start":{"line":345,"column":11},"end":{"line":351,"column":7}},"161":{"start":{"line":346,"column":8},"end":{"line":346,"column":40}},"162":{"start":{"line":347,"column":8},"end":{"line":347,"column":70}},"163":{"start":{"line":350,"column":8},"end":{"line":350,"column":56}},"164":{"start":{"line":355,"column":2},"end":{"line":362,"column":5}},"165":{"start":{"line":356,"column":4},"end":{"line":361,"column":7}},"166":{"start":{"line":357,"column":6},"end":{"line":357,"column":34}},"167":{"start":{"line":358,"column":6},"end":{"line":360,"column":7}},"168":{"start":{"line":359,"column":8},"end":{"line":359,"column":27}},"169":{"start":{"line":364,"column":2},"end":{"line":369,"column":5}},"170":{"start":{"line":365,"column":4},"end":{"line":368,"column":7}},"171":{"start":{"line":366,"column":6},"end":{"line":366,"column":34}},"172":{"start":{"line":367,"column":6},"end":{"line":367,"column":18}},"173":{"start":{"line":373,"column":0},"end":{"line":373,"column":34}}},"fnMap":{"0":{"name":"findOrCreateAndRegisterSuiteNode","decl":{"start":{"line":12,"column":9},"end":{"line":12,"column":41}},"loc":{"start":{"line":12,"column":54},"end":{"line":28,"column":1}},"line":12},"1":{"name":"getSuitesFromRootDownTo","decl":{"start":{"line":30,"column":9},"end":{"line":30,"column":32}},"loc":{"start":{"line":30,"column":40},"end":{"line":39,"column":1}},"line":30},"2":{"name":"getLocationPath","decl":{"start":{"line":47,"column":9},"end":{"line":47,"column":24}},"loc":{"start":{"line":47,"column":58},"end":{"line":59,"column":1}},"line":47},"3":{"name":"extractErrInfo","decl":{"start":{"line":61,"column":9},"end":{"line":61,"column":23}},"loc":{"start":{"line":61,"column":29},"end":{"line":82,"column":1}},"line":61},"4":{"name":"registerTestNode","decl":{"start":{"line":89,"column":9},"end":{"line":89,"column":25}},"loc":{"start":{"line":89,"column":38},"end":{"line":100,"column":1}},"line":89},"5":{"name":"startTest","decl":{"start":{"line":107,"column":9},"end":{"line":107,"column":18}},"loc":{"start":{"line":107,"column":31},"end":{"line":114,"column":1}},"line":107},"6":{"name":"addStdErr","decl":{"start":{"line":121,"column":9},"end":{"line":121,"column":18}},"loc":{"start":{"line":121,"column":34},"end":{"line":137,"column":1}},"line":121},"7":{"name":"finishTestNode","decl":{"start":{"line":145,"column":9},"end":{"line":145,"column":23}},"loc":{"start":{"line":145,"column":57},"end":{"line":188,"column":1}},"line":145},"8":{"name":"getOwnProperty","decl":{"start":{"line":195,"column":9},"end":{"line":195,"column":23}},"loc":{"start":{"line":195,"column":34},"end":{"line":201,"column":1}},"line":195},"9":{"name":"isHook","decl":{"start":{"line":207,"column":9},"end":{"line":207,"column":15}},"loc":{"start":{"line":207,"column":22},"end":{"line":209,"column":1}},"line":207},"10":{"name":"isBeforeAllHook","decl":{"start":{"line":215,"column":9},"end":{"line":215,"column":24}},"loc":{"start":{"line":215,"column":31},"end":{"line":217,"column":1}},"line":215},"11":{"name":"isBeforeEachHook","decl":{"start":{"line":223,"column":9},"end":{"line":223,"column":25}},"loc":{"start":{"line":223,"column":32},"end":{"line":225,"column":1}},"line":223},"12":{"name":"markChildrenFailed","decl":{"start":{"line":232,"column":9},"end":{"line":232,"column":27}},"loc":{"start":{"line":232,"column":48},"end":{"line":239,"column":1}},"line":232},"13":{"name":"(anonymous_13)","decl":{"start":{"line":233,"column":22},"end":{"line":233,"column":23}},"loc":{"start":{"line":233,"column":38},"end":{"line":238,"column":3}},"line":233},"14":{"name":"getCurrentTest","decl":{"start":{"line":241,"column":9},"end":{"line":241,"column":23}},"loc":{"start":{"line":241,"column":29},"end":{"line":243,"column":1}},"line":241},"15":{"name":"handleBeforeEachHookFailure","decl":{"start":{"line":245,"column":9},"end":{"line":245,"column":36}},"loc":{"start":{"line":245,"column":64},"end":{"line":258,"column":1}},"line":245},"16":{"name":"finishSuite","decl":{"start":{"line":263,"column":9},"end":{"line":263,"column":20}},"loc":{"start":{"line":263,"column":28},"end":{"line":269,"column":1}},"line":263},"17":{"name":"IntellijReporter","decl":{"start":{"line":271,"column":9},"end":{"line":271,"column":25}},"loc":{"start":{"line":271,"column":34},"end":{"line":371,"column":1}},"line":271},"18":{"name":"(anonymous_18)","decl":{"start":{"line":280,"column":46},"end":{"line":280,"column":47}},"loc":{"start":{"line":280,"column":66},"end":{"line":282,"column":3}},"line":280},"19":{"name":"(anonymous_19)","decl":{"start":{"line":284,"column":21},"end":{"line":284,"column":22}},"loc":{"start":{"line":284,"column":33},"end":{"line":307,"column":3}},"line":284},"20":{"name":"(anonymous_20)","decl":{"start":{"line":285,"column":18},"end":{"line":285,"column":19}},"loc":{"start":{"line":285,"column":30},"end":{"line":306,"column":5}},"line":285},"21":{"name":"(anonymous_21)","decl":{"start":{"line":286,"column":22},"end":{"line":286,"column":23}},"loc":{"start":{"line":286,"column":37},"end":{"line":288,"column":7}},"line":286},"22":{"name":"(anonymous_22)","decl":{"start":{"line":292,"column":35},"end":{"line":292,"column":36}},"loc":{"start":{"line":292,"column":51},"end":{"line":300,"column":7}},"line":292},"23":{"name":"(anonymous_23)","decl":{"start":{"line":303,"column":20},"end":{"line":303,"column":21}},"loc":{"start":{"line":303,"column":36},"end":{"line":305,"column":7}},"line":303},"24":{"name":"(anonymous_24)","decl":{"start":{"line":309,"column":21},"end":{"line":309,"column":22}},"loc":{"start":{"line":309,"column":38},"end":{"line":316,"column":3}},"line":309},"25":{"name":"(anonymous_25)","decl":{"start":{"line":310,"column":18},"end":{"line":310,"column":19}},"loc":{"start":{"line":310,"column":30},"end":{"line":315,"column":5}},"line":310},"26":{"name":"(anonymous_26)","decl":{"start":{"line":318,"column":20},"end":{"line":318,"column":21}},"loc":{"start":{"line":318,"column":36},"end":{"line":323,"column":3}},"line":318},"27":{"name":"(anonymous_27)","decl":{"start":{"line":319,"column":18},"end":{"line":319,"column":19}},"loc":{"start":{"line":319,"column":30},"end":{"line":322,"column":5}},"line":319},"28":{"name":"(anonymous_28)","decl":{"start":{"line":325,"column":23},"end":{"line":325,"column":24}},"loc":{"start":{"line":325,"column":39},"end":{"line":330,"column":3}},"line":325},"29":{"name":"(anonymous_29)","decl":{"start":{"line":326,"column":18},"end":{"line":326,"column":19}},"loc":{"start":{"line":326,"column":30},"end":{"line":329,"column":5}},"line":326},"30":{"name":"(anonymous_30)","decl":{"start":{"line":332,"column":20},"end":{"line":332,"column":21}},"loc":{"start":{"line":332,"column":36},"end":{"line":337,"column":3}},"line":332},"31":{"name":"(anonymous_31)","decl":{"start":{"line":333,"column":18},"end":{"line":333,"column":19}},"loc":{"start":{"line":333,"column":30},"end":{"line":336,"column":5}},"line":333},"32":{"name":"(anonymous_32)","decl":{"start":{"line":339,"column":20},"end":{"line":339,"column":21}},"loc":{"start":{"line":339,"column":41},"end":{"line":353,"column":3}},"line":339},"33":{"name":"(anonymous_33)","decl":{"start":{"line":340,"column":18},"end":{"line":340,"column":19}},"loc":{"start":{"line":340,"column":30},"end":{"line":352,"column":5}},"line":340},"34":{"name":"(anonymous_34)","decl":{"start":{"line":355,"column":25},"end":{"line":355,"column":26}},"loc":{"start":{"line":355,"column":42},"end":{"line":362,"column":3}},"line":355},"35":{"name":"(anonymous_35)","decl":{"start":{"line":356,"column":18},"end":{"line":356,"column":19}},"loc":{"start":{"line":356,"column":30},"end":{"line":361,"column":5}},"line":356},"36":{"name":"(anonymous_36)","decl":{"start":{"line":364,"column":19},"end":{"line":364,"column":20}},"loc":{"start":{"line":364,"column":31},"end":{"line":369,"column":3}},"line":364},"37":{"name":"(anonymous_37)","decl":{"start":{"line":365,"column":18},"end":{"line":365,"column":19}},"loc":{"start":{"line":365,"column":30},"end":{"line":368,"column":5}},"line":365}},"branchMap":{"0":{"loc":{"start":{"line":19,"column":4},"end":{"line":24,"column":5}},"type":"if","locations":[{"start":{"line":19,"column":4},"end":{"line":24,"column":5}},{"start":{"line":19,"column":4},"end":{"line":24,"column":5}}],"line":19},"1":{"loc":{"start":{"line":33,"column":9},"end":{"line":33,"column":29}},"type":"binary-expr","locations":[{"start":{"line":33,"column":9},"end":{"line":33,"column":18}},{"start":{"line":33,"column":22},"end":{"line":33,"column":29}}],"line":33},"2":{"loc":{"start":{"line":55,"column":13},"end":{"line":55,"column":31}},"type":"binary-expr","locations":[{"start":{"line":55,"column":13},"end":{"line":55,"column":25}},{"start":{"line":55,"column":29},"end":{"line":55,"column":31}}],"line":55},"3":{"loc":{"start":{"line":62,"column":16},"end":{"line":62,"column":33}},"type":"binary-expr","locations":[{"start":{"line":62,"column":16},"end":{"line":62,"column":27}},{"start":{"line":62,"column":31},"end":{"line":62,"column":33}}],"line":62},"4":{"loc":{"start":{"line":64,"column":2},"end":{"line":68,"column":3}},"type":"if","locations":[{"start":{"line":64,"column":2},"end":{"line":68,"column":3}},{"start":{"line":64,"column":2},"end":{"line":68,"column":3}}],"line":64},"5":{"loc":{"start":{"line":64,"column":6},"end":{"line":64,"column":55}},"type":"binary-expr","locations":[{"start":{"line":64,"column":6},"end":{"line":64,"column":27}},{"start":{"line":64,"column":31},"end":{"line":64,"column":55}}],"line":64},"6":{"loc":{"start":{"line":70,"column":2},"end":{"line":77,"column":3}},"type":"if","locations":[{"start":{"line":70,"column":2},"end":{"line":77,"column":3}},{"start":{"line":70,"column":2},"end":{"line":77,"column":3}}],"line":70},"7":{"loc":{"start":{"line":74,"column":4},"end":{"line":76,"column":5}},"type":"if","locations":[{"start":{"line":74,"column":4},"end":{"line":76,"column":5}},{"start":{"line":74,"column":4},"end":{"line":76,"column":5}}],"line":74},"8":{"loc":{"start":{"line":91,"column":2},"end":{"line":93,"column":3}},"type":"if","locations":[{"start":{"line":91,"column":2},"end":{"line":93,"column":3}},{"start":{"line":91,"column":2},"end":{"line":93,"column":3}}],"line":91},"9":{"loc":{"start":{"line":109,"column":2},"end":{"line":111,"column":3}},"type":"if","locations":[{"start":{"line":109,"column":2},"end":{"line":111,"column":3}},{"start":{"line":109,"column":2},"end":{"line":111,"column":3}}],"line":109},"10":{"loc":{"start":{"line":122,"column":2},"end":{"line":136,"column":3}},"type":"if","locations":[{"start":{"line":122,"column":2},"end":{"line":136,"column":3}},{"start":{"line":122,"column":2},"end":{"line":136,"column":3}}],"line":122},"11":{"loc":{"start":{"line":123,"column":4},"end":{"line":135,"column":5}},"type":"if","locations":[{"start":{"line":123,"column":4},"end":{"line":135,"column":5}},{"start":{"line":123,"column":4},"end":{"line":135,"column":5}}],"line":123},"12":{"loc":{"start":{"line":128,"column":6},"end":{"line":134,"column":7}},"type":"if","locations":[{"start":{"line":128,"column":6},"end":{"line":134,"column":7}},{"start":{"line":128,"column":6},"end":{"line":134,"column":7}}],"line":128},"13":{"loc":{"start":{"line":129,"column":18},"end":{"line":129,"column":50}},"type":"binary-expr","locations":[{"start":{"line":129,"column":18},"end":{"line":129,"column":33}},{"start":{"line":129,"column":37},"end":{"line":129,"column":50}}],"line":129},"14":{"loc":{"start":{"line":130,"column":8},"end":{"line":132,"column":9}},"type":"if","locations":[{"start":{"line":130,"column":8},"end":{"line":132,"column":9}},{"start":{"line":130,"column":8},"end":{"line":132,"column":9}}],"line":130},"15":{"loc":{"start":{"line":130,"column":12},"end":{"line":130,"column":44}},"type":"binary-expr","locations":[{"start":{"line":130,"column":12},"end":{"line":130,"column":27}},{"start":{"line":130,"column":31},"end":{"line":130,"column":44}}],"line":130},"16":{"loc":{"start":{"line":147,"column":2},"end":{"line":154,"column":3}},"type":"if","locations":[{"start":{"line":147,"column":2},"end":{"line":154,"column":3}},{"start":{"line":147,"column":2},"end":{"line":154,"column":3}}],"line":147},"17":{"loc":{"start":{"line":147,"column":6},"end":{"line":147,"column":47}},"type":"binary-expr","locations":[{"start":{"line":147,"column":6},"end":{"line":147,"column":22}},{"start":{"line":147,"column":26},"end":{"line":147,"column":47}}],"line":147},"18":{"loc":{"start":{"line":156,"column":2},"end":{"line":181,"column":3}},"type":"if","locations":[{"start":{"line":156,"column":2},"end":{"line":181,"column":3}},{"start":{"line":156,"column":2},"end":{"line":181,"column":3}}],"line":156},"19":{"loc":{"start":{"line":160,"column":4},"end":{"line":172,"column":5}},"type":"if","locations":[{"start":{"line":160,"column":4},"end":{"line":172,"column":5}},{"start":{"line":160,"column":4},"end":{"line":172,"column":5}}],"line":160},"20":{"loc":{"start":{"line":160,"column":8},"end":{"line":160,"column":79}},"type":"binary-expr","locations":[{"start":{"line":160,"column":8},"end":{"line":160,"column":30}},{"start":{"line":160,"column":34},"end":{"line":160,"column":53}},{"start":{"line":160,"column":57},"end":{"line":160,"column":79}}],"line":160},"21":{"loc":{"start":{"line":161,"column":6},"end":{"line":171,"column":7}},"type":"if","locations":[{"start":{"line":161,"column":6},"end":{"line":171,"column":7}},{"start":{"line":161,"column":6},"end":{"line":171,"column":7}}],"line":161},"22":{"loc":{"start":{"line":161,"column":10},"end":{"line":161,"column":76}},"type":"binary-expr","locations":[{"start":{"line":161,"column":10},"end":{"line":161,"column":42}},{"start":{"line":161,"column":46},"end":{"line":161,"column":76}}],"line":161},"23":{"loc":{"start":{"line":179,"column":17},"end":{"line":179,"column":83}},"type":"cond-expr","locations":[{"start":{"line":179,"column":32},"end":{"line":179,"column":56}},{"start":{"line":179,"column":59},"end":{"line":179,"column":83}}],"line":179},"24":{"loc":{"start":{"line":182,"column":2},"end":{"line":187,"column":3}},"type":"if","locations":[{"start":{"line":182,"column":2},"end":{"line":187,"column":3}},{"start":{"line":182,"column":2},"end":{"line":187,"column":3}}],"line":182},"25":{"loc":{"start":{"line":197,"column":2},"end":{"line":199,"column":3}},"type":"if","locations":[{"start":{"line":197,"column":2},"end":{"line":199,"column":3}},{"start":{"line":197,"column":2},"end":{"line":199,"column":3}}],"line":197},"26":{"loc":{"start":{"line":216,"column":9},"end":{"line":216,"column":84}},"type":"binary-expr","locations":[{"start":{"line":216,"column":9},"end":{"line":216,"column":21}},{"start":{"line":216,"column":25},"end":{"line":216,"column":35}},{"start":{"line":216,"column":39},"end":{"line":216,"column":84}}],"line":216},"27":{"loc":{"start":{"line":224,"column":9},"end":{"line":224,"column":85}},"type":"binary-expr","locations":[{"start":{"line":224,"column":9},"end":{"line":224,"column":21}},{"start":{"line":224,"column":25},"end":{"line":224,"column":35}},{"start":{"line":224,"column":39},"end":{"line":224,"column":85}}],"line":224},"28":{"loc":{"start":{"line":235,"column":4},"end":{"line":237,"column":5}},"type":"if","locations":[{"start":{"line":235,"column":4},"end":{"line":237,"column":5}},{"start":{"line":235,"column":4},"end":{"line":237,"column":5}}],"line":235},"29":{"loc":{"start":{"line":242,"column":9},"end":{"line":242,"column":45}},"type":"cond-expr","locations":[{"start":{"line":242,"column":23},"end":{"line":242,"column":38}},{"start":{"line":242,"column":41},"end":{"line":242,"column":45}}],"line":242},"30":{"loc":{"start":{"line":248,"column":2},"end":{"line":254,"column":3}},"type":"if","locations":[{"start":{"line":248,"column":2},"end":{"line":254,"column":3}},{"start":{"line":248,"column":2},"end":{"line":254,"column":3}}],"line":248},"31":{"loc":{"start":{"line":250,"column":4},"end":{"line":253,"column":5}},"type":"if","locations":[{"start":{"line":250,"column":4},"end":{"line":253,"column":5}},{"start":{"line":250,"column":4},"end":{"line":253,"column":5}}],"line":250},"32":{"loc":{"start":{"line":255,"column":2},"end":{"line":257,"column":3}},"type":"if","locations":[{"start":{"line":255,"column":2},"end":{"line":257,"column":3}},{"start":{"line":255,"column":2},"end":{"line":257,"column":3}}],"line":255},"33":{"loc":{"start":{"line":265,"column":2},"end":{"line":267,"column":3}},"type":"if","locations":[{"start":{"line":265,"column":2},"end":{"line":267,"column":3}},{"start":{"line":265,"column":2},"end":{"line":267,"column":3}}],"line":265},"34":{"loc":{"start":{"line":273,"column":2},"end":{"line":275,"column":3}},"type":"if","locations":[{"start":{"line":273,"column":2},"end":{"line":275,"column":3}},{"start":{"line":273,"column":2},"end":{"line":275,"column":3}}],"line":273},"35":{"loc":{"start":{"line":294,"column":8},"end":{"line":296,"column":9}},"type":"if","locations":[{"start":{"line":294,"column":8},"end":{"line":296,"column":9}},{"start":{"line":294,"column":8},"end":{"line":296,"column":9}}],"line":294},"36":{"loc":{"start":{"line":297,"column":8},"end":{"line":299,"column":9}},"type":"if","locations":[{"start":{"line":297,"column":8},"end":{"line":299,"column":9}},{"start":{"line":297,"column":8},"end":{"line":299,"column":9}}],"line":297},"37":{"loc":{"start":{"line":312,"column":6},"end":{"line":314,"column":7}},"type":"if","locations":[{"start":{"line":312,"column":6},"end":{"line":314,"column":7}},{"start":{"line":312,"column":6},"end":{"line":314,"column":7}}],"line":312},"38":{"loc":{"start":{"line":342,"column":6},"end":{"line":351,"column":7}},"type":"if","locations":[{"start":{"line":342,"column":6},"end":{"line":351,"column":7}},{"start":{"line":342,"column":6},"end":{"line":351,"column":7}}],"line":342},"39":{"loc":{"start":{"line":345,"column":11},"end":{"line":351,"column":7}},"type":"if","locations":[{"start":{"line":345,"column":11},"end":{"line":351,"column":7}},{"start":{"line":345,"column":11},"end":{"line":351,"column":7}}],"line":345},"40":{"loc":{"start":{"line":358,"column":6},"end":{"line":360,"column":7}},"type":"if","locations":[{"start":{"line":358,"column":6},"end":{"line":360,"column":7}},{"start":{"line":358,"column":6},"end":{"line":360,"column":7}}],"line":358}},"s":{"0":1,"1":1,"2":1,"3":1,"4":1,"5":4,"6":4,"7":4,"8":4,"9":4,"10":4,"11":4,"12":1,"13":1,"14":1,"15":1,"16":4,"17":4,"18":4,"19":4,"20":4,"21":4,"22":4,"23":4,"24":4,"25":5,"26":5,"27":5,"28":5,"29":4,"30":4,"31":5,"32":5,"33":5,"34":5,"35":0,"36":0,"37":0,"38":0,"39":0,"40":0,"41":0,"42":0,"43":0,"44":0,"45":0,"46":0,"47":4,"48":4,"49":0,"50":4,"51":4,"52":4,"53":4,"54":4,"55":4,"56":8,"57":8,"58":0,"59":8,"60":8,"61":0,"62":0,"63":0,"64":0,"65":0,"66":0,"67":0,"68":0,"69":0,"70":4,"71":4,"72":0,"73":0,"74":4,"75":4,"76":0,"77":0,"78":0,"79":0,"80":0,"81":0,"82":0,"83":0,"84":0,"85":0,"86":0,"87":0,"88":4,"89":4,"90":4,"91":4,"92":0,"93":0,"94":0,"95":0,"96":0,"97":0,"98":0,"99":0,"100":0,"101":0,"102":0,"103":0,"104":0,"105":0,"106":0,"107":0,"108":0,"109":0,"110":0,"111":0,"112":0,"113":1,"114":1,"115":0,"116":1,"117":1,"118":1,"119":1,"120":1,"121":1,"122":4,"123":1,"124":1,"125":1,"126":17,"127":1,"128":1,"129":1,"130":4,"131":4,"132":4,"133":4,"134":4,"135":1,"136":1,"137":4,"138":1,"139":2,"140":2,"141":2,"142":1,"143":1,"144":4,"145":4,"146":4,"147":1,"148":0,"149":0,"150":0,"151":1,"152":4,"153":4,"154":4,"155":1,"156":0,"157":0,"158":0,"159":0,"160":0,"161":0,"162":0,"163":0,"164":1,"165":2,"166":2,"167":2,"168":1,"169":1,"170":1,"171":1,"172":1,"173":1},"f":{"0":4,"1":4,"2":5,"3":0,"4":4,"5":8,"6":0,"7":4,"8":0,"9":0,"10":0,"11":0,"12":0,"13":0,"14":0,"15":0,"16":1,"17":1,"18":4,"19":1,"20":1,"21":17,"22":4,"23":4,"24":2,"25":2,"26":4,"27":4,"28":0,"29":0,"30":4,"31":4,"32":0,"33":0,"34":2,"35":2,"36":1,"37":1},"b":{"0":[1,3],"1":[8,8],"2":[5,0],"3":[0,0],"4":[0,0],"5":[0,0],"6":[0,0],"7":[0,0],"8":[0,4],"9":[0,8],"10":[0,0],"11":[0,0],"12":[0,0],"13":[0,0],"14":[0,0],"15":[0,0],"16":[0,4],"17":[4,4],"18":[0,4],"19":[0,0],"20":[0,0,0],"21":[0,0],"22":[0,0],"23":[0,4],"24":[4,0],"25":[0,0],"26":[0,0,0],"27":[0,0,0],"28":[0,0],"29":[0,0],"30":[0,0],"31":[0,0],"32":[0,0],"33":[0,1],"34":[1,0],"35":[4,0],"36":[4,0],"37":[1,1],"38":[0,0],"39":[0,0],"40":[1,1]},"_coverageSchema":"332fd63041d2c1bcb487cc26dd0d5f7d97098a6c","hash":"527148f2cdc4aa1b88cd391abf39cbd2ffa7b88a","contentHash":"f6dd795e2b0facd15a983dedfec4711e_11.2.1"},"C:\\Program Files\\JetBrains\\WebStorm 2017.2.1\\plugins\\NodeJS\\js\\mocha-intellij\\lib\\mochaIntellijTree.js":{"path":"C:\\Program Files\\JetBrains\\WebStorm 2017.2.1\\plugins\\NodeJS\\js\\mocha-intellij\\lib\\mochaIntellijTree.js","statementMap":{"0":{"start":{"line":1,"column":11},"end":{"line":1,"column":41}},"1":{"start":{"line":4,"column":2},"end":{"line":11,"column":5}},"2":{"start":{"line":20,"column":2},"end":{"line":22,"column":4}},"3":{"start":{"line":21,"column":4},"end":{"line":21,"column":22}},"4":{"start":{"line":28,"column":2},"end":{"line":28,"column":74}},"5":{"start":{"line":33,"column":2},"end":{"line":33,"column":18}},"6":{"start":{"line":53,"column":2},"end":{"line":53,"column":19}},"7":{"start":{"line":58,"column":2},"end":{"line":58,"column":15}},"8":{"start":{"line":63,"column":2},"end":{"line":63,"column":23}},"9":{"start":{"line":68,"column":2},"end":{"line":68,"column":19}},"10":{"start":{"line":73,"column":2},"end":{"line":73,"column":19}},"11":{"start":{"line":78,"column":2},"end":{"line":78,"column":35}},"12":{"start":{"line":83,"column":2},"end":{"line":83,"column":33}},"13":{"start":{"line":92,"column":2},"end":{"line":92,"column":19}},"14":{"start":{"line":94,"column":0},"end":{"line":96,"column":2}},"15":{"start":{"line":95,"column":4},"end":{"line":95,"column":21}},"16":{"start":{"line":97,"column":0},"end":{"line":97,"column":45}},"17":{"start":{"line":98,"column":0},"end":{"line":98,"column":51}},"18":{"start":{"line":99,"column":0},"end":{"line":99,"column":45}},"19":{"start":{"line":100,"column":0},"end":{"line":100,"column":47}},"20":{"start":{"line":107,"column":0},"end":{"line":111,"column":2}},"21":{"start":{"line":108,"column":13},"end":{"line":108,"column":38}},"22":{"start":{"line":109,"column":2},"end":{"line":109,"column":26}},"23":{"start":{"line":110,"column":2},"end":{"line":110,"column":36}},"24":{"start":{"line":117,"column":0},"end":{"line":122,"column":2}},"25":{"start":{"line":118,"column":2},"end":{"line":120,"column":3}},"26":{"start":{"line":119,"column":4},"end":{"line":119,"column":38}},"27":{"start":{"line":121,"column":2},"end":{"line":121,"column":54}},"28":{"start":{"line":129,"column":0},"end":{"line":146,"column":2}},"29":{"start":{"line":130,"column":25},"end":{"line":130,"column":51}},"30":{"start":{"line":131,"column":13},"end":{"line":131,"column":26}},"31":{"start":{"line":132,"column":2},"end":{"line":132,"column":27}},"32":{"start":{"line":133,"column":2},"end":{"line":133,"column":33}},"33":{"start":{"line":134,"column":17},"end":{"line":134,"column":49}},"34":{"start":{"line":135,"column":2},"end":{"line":135,"column":42}},"35":{"start":{"line":136,"column":2},"end":{"line":136,"column":62}},"36":{"start":{"line":137,"column":2},"end":{"line":137,"column":36}},"37":{"start":{"line":138,"column":2},"end":{"line":143,"column":3}},"38":{"start":{"line":139,"column":4},"end":{"line":139,"column":41}},"39":{"start":{"line":140,"column":4},"end":{"line":142,"column":5}},"40":{"start":{"line":141,"column":6},"end":{"line":141,"column":102}},"41":{"start":{"line":144,"column":2},"end":{"line":144,"column":16}},"42":{"start":{"line":145,"column":2},"end":{"line":145,"column":14}},"43":{"start":{"line":155,"column":0},"end":{"line":166,"column":2}},"44":{"start":{"line":156,"column":2},"end":{"line":158,"column":3}},"45":{"start":{"line":157,"column":4},"end":{"line":157,"column":46}},"46":{"start":{"line":159,"column":2},"end":{"line":162,"column":3}},"47":{"start":{"line":161,"column":4},"end":{"line":161,"column":11}},"48":{"start":{"line":163,"column":13},"end":{"line":163,"column":35}},"49":{"start":{"line":164,"column":2},"end":{"line":164,"column":26}},"50":{"start":{"line":165,"column":2},"end":{"line":165,"column":33}},"51":{"start":{"line":172,"column":0},"end":{"line":181,"column":2}},"52":{"start":{"line":173,"column":2},"end":{"line":175,"column":3}},"53":{"start":{"line":174,"column":4},"end":{"line":174,"column":37}},"54":{"start":{"line":176,"column":2},"end":{"line":179,"column":3}},"55":{"start":{"line":177,"column":22},"end":{"line":177,"column":48}},"56":{"start":{"line":178,"column":4},"end":{"line":178,"column":89}},"57":{"start":{"line":180,"column":2},"end":{"line":180,"column":54}},"58":{"start":{"line":188,"column":0},"end":{"line":190,"column":2}},"59":{"start":{"line":189,"column":2},"end":{"line":189,"column":51}},"60":{"start":{"line":197,"column":0},"end":{"line":210,"column":2}},"61":{"start":{"line":198,"column":2},"end":{"line":200,"column":3}},"62":{"start":{"line":199,"column":4},"end":{"line":199,"column":56}},"63":{"start":{"line":201,"column":13},"end":{"line":201,"column":36}},"64":{"start":{"line":202,"column":2},"end":{"line":202,"column":26}},"65":{"start":{"line":203,"column":2},"end":{"line":203,"column":34}},"66":{"start":{"line":204,"column":2},"end":{"line":209,"column":3}},"67":{"start":{"line":205,"column":17},"end":{"line":205,"column":28}},"68":{"start":{"line":206,"column":4},"end":{"line":208,"column":5}},"69":{"start":{"line":207,"column":6},"end":{"line":207,"column":31}},"70":{"start":{"line":215,"column":0},"end":{"line":217,"column":2}},"71":{"start":{"line":216,"column":2},"end":{"line":216,"column":43}},"72":{"start":{"line":223,"column":0},"end":{"line":232,"column":2}},"73":{"start":{"line":224,"column":13},"end":{"line":224,"column":56}},"74":{"start":{"line":225,"column":2},"end":{"line":225,"column":40}},"75":{"start":{"line":226,"column":24},"end":{"line":226,"column":62}},"76":{"start":{"line":227,"column":2},"end":{"line":229,"column":3}},"77":{"start":{"line":228,"column":4},"end":{"line":228,"column":28}},"78":{"start":{"line":230,"column":2},"end":{"line":230,"column":14}},"79":{"start":{"line":231,"column":2},"end":{"line":231,"column":14}},"80":{"start":{"line":239,"column":0},"end":{"line":241,"column":2}},"81":{"start":{"line":240,"column":2},"end":{"line":240,"column":51}},"82":{"start":{"line":243,"column":0},"end":{"line":250,"column":2}},"83":{"start":{"line":244,"column":2},"end":{"line":249,"column":3}},"84":{"start":{"line":245,"column":4},"end":{"line":247,"column":5}},"85":{"start":{"line":246,"column":6},"end":{"line":246,"column":41}},"86":{"start":{"line":248,"column":4},"end":{"line":248,"column":18}},"87":{"start":{"line":265,"column":2},"end":{"line":265,"column":62}},"88":{"start":{"line":270,"column":2},"end":{"line":270,"column":21}},"89":{"start":{"line":275,"column":2},"end":{"line":275,"column":22}},"90":{"start":{"line":280,"column":2},"end":{"line":280,"column":30}},"91":{"start":{"line":283,"column":0},"end":{"line":283,"column":29}},"92":{"start":{"line":290,"column":0},"end":{"line":295,"column":2}},"93":{"start":{"line":291,"column":2},"end":{"line":293,"column":3}},"94":{"start":{"line":292,"column":4},"end":{"line":292,"column":37}},"95":{"start":{"line":294,"column":2},"end":{"line":294,"column":14}},"96":{"start":{"line":301,"column":0},"end":{"line":303,"column":2}},"97":{"start":{"line":302,"column":2},"end":{"line":302,"column":28}},"98":{"start":{"line":309,"column":0},"end":{"line":311,"column":2}},"99":{"start":{"line":310,"column":2},"end":{"line":310,"column":29}},"100":{"start":{"line":317,"column":0},"end":{"line":319,"column":2}},"101":{"start":{"line":318,"column":2},"end":{"line":318,"column":14}},"102":{"start":{"line":328,"column":0},"end":{"line":337,"column":2}},"103":{"start":{"line":329,"column":2},"end":{"line":331,"column":3}},"104":{"start":{"line":330,"column":4},"end":{"line":330,"column":68}},"105":{"start":{"line":332,"column":16},"end":{"line":332,"column":34}},"106":{"start":{"line":333,"column":14},"end":{"line":333,"column":87}},"107":{"start":{"line":334,"column":2},"end":{"line":334,"column":28}},"108":{"start":{"line":335,"column":2},"end":{"line":335,"column":36}},"109":{"start":{"line":336,"column":2},"end":{"line":336,"column":15}},"110":{"start":{"line":346,"column":0},"end":{"line":355,"column":2}},"111":{"start":{"line":347,"column":2},"end":{"line":349,"column":3}},"112":{"start":{"line":348,"column":4},"end":{"line":348,"column":68}},"113":{"start":{"line":350,"column":16},"end":{"line":350,"column":34}},"114":{"start":{"line":351,"column":14},"end":{"line":351,"column":92}},"115":{"start":{"line":352,"column":2},"end":{"line":352,"column":28}},"116":{"start":{"line":353,"column":2},"end":{"line":353,"column":36}},"117":{"start":{"line":354,"column":2},"end":{"line":354,"column":15}},"118":{"start":{"line":360,"column":0},"end":{"line":367,"column":2}},"119":{"start":{"line":361,"column":2},"end":{"line":361,"column":28}},"120":{"start":{"line":362,"column":2},"end":{"line":366,"column":3}},"121":{"start":{"line":363,"column":4},"end":{"line":365,"column":5}},"122":{"start":{"line":364,"column":6},"end":{"line":364,"column":24}},"123":{"start":{"line":381,"column":2},"end":{"line":381,"column":62}},"124":{"start":{"line":386,"column":2},"end":{"line":386,"column":27}},"125":{"start":{"line":391,"column":2},"end":{"line":391,"column":34}},"126":{"start":{"line":396,"column":2},"end":{"line":396,"column":30}},"127":{"start":{"line":401,"column":2},"end":{"line":401,"column":34}},"128":{"start":{"line":406,"column":2},"end":{"line":406,"column":31}},"129":{"start":{"line":411,"column":2},"end":{"line":411,"column":29}},"130":{"start":{"line":416,"column":2},"end":{"line":416,"column":36}},"131":{"start":{"line":421,"column":2},"end":{"line":421,"column":34}},"132":{"start":{"line":424,"column":0},"end":{"line":424,"column":24}},"133":{"start":{"line":432,"column":2},"end":{"line":432,"column":19}},"134":{"start":{"line":434,"column":0},"end":{"line":436,"column":2}},"135":{"start":{"line":435,"column":4},"end":{"line":435,"column":21}},"136":{"start":{"line":438,"column":0},"end":{"line":438,"column":49}},"137":{"start":{"line":439,"column":0},"end":{"line":439,"column":49}},"138":{"start":{"line":440,"column":0},"end":{"line":440,"column":47}},"139":{"start":{"line":441,"column":0},"end":{"line":441,"column":45}},"140":{"start":{"line":443,"column":0},"end":{"line":443,"column":31}},"141":{"start":{"line":456,"column":0},"end":{"line":473,"column":2}},"142":{"start":{"line":459,"column":2},"end":{"line":461,"column":3}},"143":{"start":{"line":460,"column":4},"end":{"line":460,"column":54}},"144":{"start":{"line":462,"column":2},"end":{"line":462,"column":25}},"145":{"start":{"line":463,"column":2},"end":{"line":463,"column":39}},"146":{"start":{"line":464,"column":2},"end":{"line":464,"column":31}},"147":{"start":{"line":465,"column":2},"end":{"line":465,"column":39}},"148":{"start":{"line":466,"column":2},"end":{"line":466,"column":69}},"149":{"start":{"line":467,"column":2},"end":{"line":467,"column":63}},"150":{"start":{"line":468,"column":2},"end":{"line":468,"column":84}},"151":{"start":{"line":469,"column":2},"end":{"line":469,"column":78}},"152":{"start":{"line":470,"column":2},"end":{"line":472,"column":3}},"153":{"start":{"line":471,"column":4},"end":{"line":471,"column":59}},"154":{"start":{"line":479,"column":0},"end":{"line":481,"column":2}},"155":{"start":{"line":480,"column":2},"end":{"line":480,"column":23}},"156":{"start":{"line":487,"column":0},"end":{"line":500,"column":2}},"157":{"start":{"line":488,"column":2},"end":{"line":499,"column":3}},"158":{"start":{"line":490,"column":6},"end":{"line":490,"column":28}},"159":{"start":{"line":492,"column":6},"end":{"line":492,"column":27}},"160":{"start":{"line":494,"column":6},"end":{"line":494,"column":26}},"161":{"start":{"line":496,"column":6},"end":{"line":496,"column":26}},"162":{"start":{"line":498,"column":6},"end":{"line":498,"column":57}},"163":{"start":{"line":507,"column":0},"end":{"line":534,"column":2}},"164":{"start":{"line":508,"column":15},"end":{"line":508,"column":17}},"165":{"start":{"line":509,"column":2},"end":{"line":511,"column":3}},"166":{"start":{"line":510,"column":4},"end":{"line":510,"column":58}},"167":{"start":{"line":512,"column":2},"end":{"line":514,"column":3}},"168":{"start":{"line":513,"column":4},"end":{"line":513,"column":31}},"169":{"start":{"line":515,"column":2},"end":{"line":517,"column":3}},"170":{"start":{"line":516,"column":4},"end":{"line":516,"column":80}},"171":{"start":{"line":518,"column":2},"end":{"line":520,"column":3}},"172":{"start":{"line":519,"column":4},"end":{"line":519,"column":84}},"173":{"start":{"line":521,"column":2},"end":{"line":523,"column":3}},"174":{"start":{"line":522,"column":4},"end":{"line":522,"column":82}},"175":{"start":{"line":524,"column":2},"end":{"line":526,"column":3}},"176":{"start":{"line":525,"column":4},"end":{"line":525,"column":78}},"177":{"start":{"line":527,"column":2},"end":{"line":529,"column":3}},"178":{"start":{"line":528,"column":4},"end":{"line":528,"column":91}},"179":{"start":{"line":530,"column":2},"end":{"line":532,"column":3}},"180":{"start":{"line":531,"column":4},"end":{"line":531,"column":87}},"181":{"start":{"line":533,"column":2},"end":{"line":533,"column":45}},"182":{"start":{"line":539,"column":0},"end":{"line":545,"column":2}},"183":{"start":{"line":540,"column":2},"end":{"line":544,"column":3}},"184":{"start":{"line":541,"column":15},"end":{"line":542,"column":60}},"185":{"start":{"line":543,"column":4},"end":{"line":543,"column":28}},"186":{"start":{"line":547,"column":0},"end":{"line":547,"column":22}}},"fnMap":{"0":{"name":"inherit","decl":{"start":{"line":3,"column":9},"end":{"line":3,"column":16}},"loc":{"start":{"line":3,"column":32},"end":{"line":12,"column":1}},"line":3},"1":{"name":"Tree","decl":{"start":{"line":15,"column":9},"end":{"line":15,"column":13}},"loc":{"start":{"line":15,"column":21},"end":{"line":34,"column":1}},"line":15},"2":{"name":"(anonymous_2)","decl":{"start":{"line":20,"column":17},"end":{"line":20,"column":18}},"loc":{"start":{"line":20,"column":32},"end":{"line":22,"column":3}},"line":20},"3":{"name":"Node","decl":{"start":{"line":48,"column":9},"end":{"line":48,"column":13}},"loc":{"start":{"line":48,"column":58},"end":{"line":84,"column":1}},"line":48},"4":{"name":"NodeState","decl":{"start":{"line":91,"column":9},"end":{"line":91,"column":18}},"loc":{"start":{"line":91,"column":25},"end":{"line":93,"column":1}},"line":91},"5":{"name":"(anonymous_5)","decl":{"start":{"line":94,"column":31},"end":{"line":94,"column":32}},"loc":{"start":{"line":94,"column":42},"end":{"line":96,"column":1}},"line":94},"6":{"name":"(anonymous_6)","decl":{"start":{"line":107,"column":26},"end":{"line":107,"column":27}},"loc":{"start":{"line":107,"column":38},"end":{"line":111,"column":1}},"line":107},"7":{"name":"(anonymous_7)","decl":{"start":{"line":117,"column":36},"end":{"line":117,"column":37}},"loc":{"start":{"line":117,"column":48},"end":{"line":122,"column":1}},"line":117},"8":{"name":"(anonymous_8)","decl":{"start":{"line":129,"column":32},"end":{"line":129,"column":33}},"loc":{"start":{"line":129,"column":51},"end":{"line":146,"column":1}},"line":129},"9":{"name":"(anonymous_9)","decl":{"start":{"line":155,"column":23},"end":{"line":155,"column":24}},"loc":{"start":{"line":155,"column":35},"end":{"line":166,"column":1}},"line":155},"10":{"name":"(anonymous_10)","decl":{"start":{"line":172,"column":33},"end":{"line":172,"column":34}},"loc":{"start":{"line":172,"column":45},"end":{"line":181,"column":1}},"line":172},"11":{"name":"(anonymous_11)","decl":{"start":{"line":188,"column":37},"end":{"line":188,"column":38}},"loc":{"start":{"line":188,"column":49},"end":{"line":190,"column":1}},"line":188},"12":{"name":"(anonymous_12)","decl":{"start":{"line":197,"column":24},"end":{"line":197,"column":25}},"loc":{"start":{"line":197,"column":54},"end":{"line":210,"column":1}},"line":197},"13":{"name":"(anonymous_13)","decl":{"start":{"line":215,"column":28},"end":{"line":215,"column":29}},"loc":{"start":{"line":215,"column":40},"end":{"line":217,"column":1}},"line":215},"14":{"name":"(anonymous_14)","decl":{"start":{"line":223,"column":34},"end":{"line":223,"column":35}},"loc":{"start":{"line":223,"column":46},"end":{"line":232,"column":1}},"line":223},"15":{"name":"(anonymous_15)","decl":{"start":{"line":239,"column":49},"end":{"line":239,"column":50}},"loc":{"start":{"line":239,"column":61},"end":{"line":241,"column":1}},"line":239},"16":{"name":"(anonymous_16)","decl":{"start":{"line":243,"column":33},"end":{"line":243,"column":34}},"loc":{"start":{"line":243,"column":45},"end":{"line":250,"column":1}},"line":243},"17":{"name":"TestSuiteNode","decl":{"start":{"line":264,"column":9},"end":{"line":264,"column":22}},"loc":{"start":{"line":264,"column":67},"end":{"line":281,"column":1}},"line":264},"18":{"name":"(anonymous_18)","decl":{"start":{"line":290,"column":46},"end":{"line":290,"column":47}},"loc":{"start":{"line":290,"column":66},"end":{"line":295,"column":1}},"line":290},"19":{"name":"(anonymous_19)","decl":{"start":{"line":301,"column":46},"end":{"line":301,"column":47}},"loc":{"start":{"line":301,"column":58},"end":{"line":303,"column":1}},"line":301},"20":{"name":"(anonymous_20)","decl":{"start":{"line":309,"column":47},"end":{"line":309,"column":48}},"loc":{"start":{"line":309,"column":59},"end":{"line":311,"column":1}},"line":309},"21":{"name":"(anonymous_21)","decl":{"start":{"line":317,"column":58},"end":{"line":317,"column":59}},"loc":{"start":{"line":317,"column":70},"end":{"line":319,"column":1}},"line":317},"22":{"name":"(anonymous_22)","decl":{"start":{"line":328,"column":39},"end":{"line":328,"column":40}},"loc":{"start":{"line":328,"column":84},"end":{"line":337,"column":1}},"line":328},"23":{"name":"(anonymous_23)","decl":{"start":{"line":346,"column":44},"end":{"line":346,"column":45}},"loc":{"start":{"line":346,"column":89},"end":{"line":355,"column":1}},"line":346},"24":{"name":"(anonymous_24)","decl":{"start":{"line":360,"column":42},"end":{"line":360,"column":43}},"loc":{"start":{"line":360,"column":53},"end":{"line":367,"column":1}},"line":360},"25":{"name":"TestNode","decl":{"start":{"line":380,"column":9},"end":{"line":380,"column":17}},"loc":{"start":{"line":380,"column":62},"end":{"line":422,"column":1}},"line":380},"26":{"name":"TestOutcome","decl":{"start":{"line":431,"column":9},"end":{"line":431,"column":20}},"loc":{"start":{"line":431,"column":27},"end":{"line":433,"column":1}},"line":431},"27":{"name":"(anonymous_27)","decl":{"start":{"line":434,"column":33},"end":{"line":434,"column":34}},"loc":{"start":{"line":434,"column":45},"end":{"line":436,"column":1}},"line":434},"28":{"name":"(anonymous_28)","decl":{"start":{"line":456,"column":32},"end":{"line":456,"column":33}},"loc":{"start":{"line":458,"column":76},"end":{"line":473,"column":1}},"line":458},"29":{"name":"(anonymous_29)","decl":{"start":{"line":479,"column":41},"end":{"line":479,"column":42}},"loc":{"start":{"line":479,"column":53},"end":{"line":481,"column":1}},"line":479},"30":{"name":"(anonymous_30)","decl":{"start":{"line":487,"column":42},"end":{"line":487,"column":43}},"loc":{"start":{"line":487,"column":54},"end":{"line":500,"column":1}},"line":487},"31":{"name":"(anonymous_31)","decl":{"start":{"line":507,"column":53},"end":{"line":507,"column":54}},"loc":{"start":{"line":507,"column":65},"end":{"line":534,"column":1}},"line":507},"32":{"name":"(anonymous_32)","decl":{"start":{"line":539,"column":31},"end":{"line":539,"column":32}},"loc":{"start":{"line":539,"column":46},"end":{"line":545,"column":1}},"line":539}},"branchMap":{"0":{"loc":{"start":{"line":118,"column":2},"end":{"line":120,"column":3}},"type":"if","locations":[{"start":{"line":118,"column":2},"end":{"line":120,"column":3}},{"start":{"line":118,"column":2},"end":{"line":120,"column":3}}],"line":118},"1":{"loc":{"start":{"line":134,"column":17},"end":{"line":134,"column":49}},"type":"cond-expr","locations":[{"start":{"line":134,"column":31},"end":{"line":134,"column":45}},{"start":{"line":134,"column":48},"end":{"line":134,"column":49}}],"line":134},"2":{"loc":{"start":{"line":138,"column":2},"end":{"line":143,"column":3}},"type":"if","locations":[{"start":{"line":138,"column":2},"end":{"line":143,"column":3}},{"start":{"line":138,"column":2},"end":{"line":143,"column":3}}],"line":138},"3":{"loc":{"start":{"line":140,"column":4},"end":{"line":142,"column":5}},"type":"if","locations":[{"start":{"line":140,"column":4},"end":{"line":142,"column":5}},{"start":{"line":140,"column":4},"end":{"line":142,"column":5}}],"line":140},"4":{"loc":{"start":{"line":156,"column":2},"end":{"line":158,"column":3}},"type":"if","locations":[{"start":{"line":156,"column":2},"end":{"line":158,"column":3}},{"start":{"line":156,"column":2},"end":{"line":158,"column":3}}],"line":156},"5":{"loc":{"start":{"line":159,"column":2},"end":{"line":162,"column":3}},"type":"if","locations":[{"start":{"line":159,"column":2},"end":{"line":162,"column":3}},{"start":{"line":159,"column":2},"end":{"line":162,"column":3}}],"line":159},"6":{"loc":{"start":{"line":173,"column":2},"end":{"line":175,"column":3}},"type":"if","locations":[{"start":{"line":173,"column":2},"end":{"line":175,"column":3}},{"start":{"line":173,"column":2},"end":{"line":175,"column":3}}],"line":173},"7":{"loc":{"start":{"line":176,"column":2},"end":{"line":179,"column":3}},"type":"if","locations":[{"start":{"line":176,"column":2},"end":{"line":179,"column":3}},{"start":{"line":176,"column":2},"end":{"line":179,"column":3}}],"line":176},"8":{"loc":{"start":{"line":198,"column":2},"end":{"line":200,"column":3}},"type":"if","locations":[{"start":{"line":198,"column":2},"end":{"line":200,"column":3}},{"start":{"line":198,"column":2},"end":{"line":200,"column":3}}],"line":198},"9":{"loc":{"start":{"line":198,"column":6},"end":{"line":198,"column":77}},"type":"binary-expr","locations":[{"start":{"line":198,"column":6},"end":{"line":198,"column":41}},{"start":{"line":198,"column":45},"end":{"line":198,"column":77}}],"line":198},"10":{"loc":{"start":{"line":204,"column":2},"end":{"line":209,"column":3}},"type":"if","locations":[{"start":{"line":204,"column":2},"end":{"line":209,"column":3}},{"start":{"line":204,"column":2},"end":{"line":209,"column":3}}],"line":204},"11":{"loc":{"start":{"line":206,"column":4},"end":{"line":208,"column":5}},"type":"if","locations":[{"start":{"line":206,"column":4},"end":{"line":208,"column":5}},{"start":{"line":206,"column":4},"end":{"line":208,"column":5}}],"line":206},"12":{"loc":{"start":{"line":206,"column":8},"end":{"line":206,"column":50}},"type":"binary-expr","locations":[{"start":{"line":206,"column":8},"end":{"line":206,"column":22}},{"start":{"line":206,"column":26},"end":{"line":206,"column":50}}],"line":206},"13":{"loc":{"start":{"line":227,"column":2},"end":{"line":229,"column":3}},"type":"if","locations":[{"start":{"line":227,"column":2},"end":{"line":229,"column":3}},{"start":{"line":227,"column":2},"end":{"line":229,"column":3}}],"line":227},"14":{"loc":{"start":{"line":244,"column":2},"end":{"line":249,"column":3}},"type":"if","locations":[{"start":{"line":244,"column":2},"end":{"line":249,"column":3}},{"start":{"line":244,"column":2},"end":{"line":249,"column":3}}],"line":244},"15":{"loc":{"start":{"line":291,"column":2},"end":{"line":293,"column":3}},"type":"if","locations":[{"start":{"line":291,"column":2},"end":{"line":293,"column":3}},{"start":{"line":291,"column":2},"end":{"line":293,"column":3}}],"line":291},"16":{"loc":{"start":{"line":329,"column":2},"end":{"line":331,"column":3}},"type":"if","locations":[{"start":{"line":329,"column":2},"end":{"line":331,"column":3}},{"start":{"line":329,"column":2},"end":{"line":331,"column":3}}],"line":329},"17":{"loc":{"start":{"line":347,"column":2},"end":{"line":349,"column":3}},"type":"if","locations":[{"start":{"line":347,"column":2},"end":{"line":349,"column":3}},{"start":{"line":347,"column":2},"end":{"line":349,"column":3}}],"line":347},"18":{"loc":{"start":{"line":362,"column":2},"end":{"line":366,"column":3}},"type":"if","locations":[{"start":{"line":362,"column":2},"end":{"line":366,"column":3}},{"start":{"line":362,"column":2},"end":{"line":366,"column":3}}],"line":362},"19":{"loc":{"start":{"line":363,"column":4},"end":{"line":365,"column":5}},"type":"if","locations":[{"start":{"line":363,"column":4},"end":{"line":365,"column":5}},{"start":{"line":363,"column":4},"end":{"line":365,"column":5}}],"line":363},"20":{"loc":{"start":{"line":459,"column":2},"end":{"line":461,"column":3}},"type":"if","locations":[{"start":{"line":459,"column":2},"end":{"line":461,"column":3}},{"start":{"line":459,"column":2},"end":{"line":461,"column":3}}],"line":459},"21":{"loc":{"start":{"line":466,"column":21},"end":{"line":466,"column":68}},"type":"cond-expr","locations":[{"start":{"line":466,"column":50},"end":{"line":466,"column":61}},{"start":{"line":466,"column":64},"end":{"line":466,"column":68}}],"line":466},"22":{"loc":{"start":{"line":467,"column":19},"end":{"line":467,"column":62}},"type":"cond-expr","locations":[{"start":{"line":467,"column":46},"end":{"line":467,"column":55}},{"start":{"line":467,"column":58},"end":{"line":467,"column":62}}],"line":467},"23":{"loc":{"start":{"line":468,"column":26},"end":{"line":468,"column":83}},"type":"cond-expr","locations":[{"start":{"line":468,"column":60},"end":{"line":468,"column":76}},{"start":{"line":468,"column":79},"end":{"line":468,"column":83}}],"line":468},"24":{"loc":{"start":{"line":469,"column":24},"end":{"line":469,"column":77}},"type":"cond-expr","locations":[{"start":{"line":469,"column":56},"end":{"line":469,"column":70}},{"start":{"line":469,"column":73},"end":{"line":469,"column":77}}],"line":469},"25":{"loc":{"start":{"line":470,"column":2},"end":{"line":472,"column":3}},"type":"if","locations":[{"start":{"line":470,"column":2},"end":{"line":472,"column":3}},{"start":{"line":470,"column":2},"end":{"line":472,"column":3}}],"line":470},"26":{"loc":{"start":{"line":470,"column":6},"end":{"line":470,"column":52}},"type":"binary-expr","locations":[{"start":{"line":470,"column":6},"end":{"line":470,"column":37}},{"start":{"line":470,"column":41},"end":{"line":470,"column":52}}],"line":470},"27":{"loc":{"start":{"line":488,"column":2},"end":{"line":499,"column":3}},"type":"switch","locations":[{"start":{"line":489,"column":4},"end":{"line":490,"column":28}},{"start":{"line":491,"column":4},"end":{"line":492,"column":27}},{"start":{"line":493,"column":4},"end":{"line":494,"column":26}},{"start":{"line":495,"column":4},"end":{"line":496,"column":26}},{"start":{"line":497,"column":4},"end":{"line":498,"column":57}}],"line":488},"28":{"loc":{"start":{"line":509,"column":2},"end":{"line":511,"column":3}},"type":"if","locations":[{"start":{"line":509,"column":2},"end":{"line":511,"column":3}},{"start":{"line":509,"column":2},"end":{"line":511,"column":3}}],"line":509},"29":{"loc":{"start":{"line":512,"column":2},"end":{"line":514,"column":3}},"type":"if","locations":[{"start":{"line":512,"column":2},"end":{"line":514,"column":3}},{"start":{"line":512,"column":2},"end":{"line":514,"column":3}}],"line":512},"30":{"loc":{"start":{"line":515,"column":2},"end":{"line":517,"column":3}},"type":"if","locations":[{"start":{"line":515,"column":2},"end":{"line":517,"column":3}},{"start":{"line":515,"column":2},"end":{"line":517,"column":3}}],"line":515},"31":{"loc":{"start":{"line":518,"column":2},"end":{"line":520,"column":3}},"type":"if","locations":[{"start":{"line":518,"column":2},"end":{"line":520,"column":3}},{"start":{"line":518,"column":2},"end":{"line":520,"column":3}}],"line":518},"32":{"loc":{"start":{"line":521,"column":2},"end":{"line":523,"column":3}},"type":"if","locations":[{"start":{"line":521,"column":2},"end":{"line":523,"column":3}},{"start":{"line":521,"column":2},"end":{"line":523,"column":3}}],"line":521},"33":{"loc":{"start":{"line":524,"column":2},"end":{"line":526,"column":3}},"type":"if","locations":[{"start":{"line":524,"column":2},"end":{"line":526,"column":3}},{"start":{"line":524,"column":2},"end":{"line":526,"column":3}}],"line":524},"34":{"loc":{"start":{"line":527,"column":2},"end":{"line":529,"column":3}},"type":"if","locations":[{"start":{"line":527,"column":2},"end":{"line":529,"column":3}},{"start":{"line":527,"column":2},"end":{"line":529,"column":3}}],"line":527},"35":{"loc":{"start":{"line":530,"column":2},"end":{"line":532,"column":3}},"type":"if","locations":[{"start":{"line":530,"column":2},"end":{"line":532,"column":3}},{"start":{"line":530,"column":2},"end":{"line":532,"column":3}}],"line":530},"36":{"loc":{"start":{"line":533,"column":9},"end":{"line":533,"column":44}},"type":"cond-expr","locations":[{"start":{"line":533,"column":31},"end":{"line":533,"column":35}},{"start":{"line":533,"column":38},"end":{"line":533,"column":44}}],"line":533},"37":{"loc":{"start":{"line":540,"column":2},"end":{"line":544,"column":3}},"type":"if","locations":[{"start":{"line":540,"column":2},"end":{"line":544,"column":3}},{"start":{"line":540,"column":2},"end":{"line":544,"column":3}}],"line":540}},"s":{"0":1,"1":2,"2":1,"3":17,"4":1,"5":1,"6":6,"7":6,"8":6,"9":6,"10":6,"11":6,"12":6,"13":4,"14":1,"15":0,"16":1,"17":1,"18":1,"19":1,"20":1,"21":5,"22":5,"23":5,"24":1,"25":5,"26":5,"27":0,"28":1,"29":5,"30":5,"31":5,"32":5,"33":5,"34":5,"35":5,"36":5,"37":5,"38":5,"39":5,"40":5,"41":5,"42":5,"43":1,"44":9,"45":0,"46":9,"47":4,"48":5,"49":5,"50":5,"51":1,"52":5,"53":0,"54":5,"55":5,"56":5,"57":0,"58":1,"59":0,"60":1,"61":5,"62":0,"63":5,"64":5,"65":5,"66":5,"67":0,"68":0,"69":0,"70":1,"71":4,"72":1,"73":5,"74":5,"75":5,"76":5,"77":4,"78":5,"79":5,"80":1,"81":0,"82":1,"83":0,"84":0,"85":0,"86":0,"87":2,"88":2,"89":2,"90":2,"91":1,"92":1,"93":0,"94":0,"95":0,"96":1,"97":2,"98":1,"99":1,"100":1,"101":1,"102":1,"103":4,"104":0,"105":4,"106":4,"107":4,"108":4,"109":4,"110":1,"111":1,"112":0,"113":1,"114":1,"115":1,"116":1,"117":1,"118":1,"119":0,"120":0,"121":0,"122":0,"123":4,"124":4,"125":4,"126":4,"127":4,"128":4,"129":4,"130":4,"131":4,"132":1,"133":4,"134":1,"135":0,"136":1,"137":1,"138":1,"139":1,"140":1,"141":1,"142":4,"143":0,"144":4,"145":4,"146":4,"147":4,"148":4,"149":4,"150":4,"151":4,"152":4,"153":0,"154":1,"155":8,"156":1,"157":4,"158":4,"159":0,"160":0,"161":0,"162":0,"163":1,"164":4,"165":4,"166":4,"167":4,"168":0,"169":4,"170":0,"171":4,"172":0,"173":4,"174":0,"175":4,"176":0,"177":4,"178":0,"179":4,"180":0,"181":4,"182":1,"183":0,"184":0,"185":0,"186":1},"f":{"0":2,"1":1,"2":17,"3":6,"4":4,"5":0,"6":5,"7":5,"8":5,"9":9,"10":5,"11":0,"12":5,"13":4,"14":5,"15":0,"16":0,"17":2,"18":0,"19":2,"20":1,"21":1,"22":4,"23":1,"24":0,"25":4,"26":4,"27":0,"28":4,"29":8,"30":4,"31":4,"32":0},"b":{"0":[5,0],"1":[5,0],"2":[5,0],"3":[5,0],"4":[0,9],"5":[4,5],"6":[0,5],"7":[5,0],"8":[0,5],"9":[5,5],"10":[0,5],"11":[0,0],"12":[0,0],"13":[4,1],"14":[0,0],"15":[0,0],"16":[0,4],"17":[0,1],"18":[0,0],"19":[0,0],"20":[0,4],"21":[0,4],"22":[0,4],"23":[0,4],"24":[0,4],"25":[0,4],"26":[4,0],"27":[4,0,0,0,0],"28":[4,0],"29":[0,4],"30":[0,4],"31":[0,4],"32":[0,4],"33":[0,4],"34":[0,4],"35":[0,4],"36":[0,4],"37":[0,0]},"_coverageSchema":"332fd63041d2c1bcb487cc26dd0d5f7d97098a6c","hash":"fa9c40d701c2a7167fd47cb7d304ed3fef2d06dd","contentHash":"8b490541a04368e14be946e47ac7a85a_11.2.1"},"C:\\Program Files\\JetBrains\\WebStorm 2017.2.1\\plugins\\NodeJS\\js\\mocha-intellij\\lib\\mochaIntellijUtil.js":{"path":"C:\\Program Files\\JetBrains\\WebStorm 2017.2.1\\plugins\\NodeJS\\js\\mocha-intellij\\lib\\mochaIntellijUtil.js","statementMap":{"0":{"start":{"line":1,"column":9},"end":{"line":1,"column":22}},"1":{"start":{"line":2,"column":11},"end":{"line":2,"column":26}},"2":{"start":{"line":3,"column":25},"end":{"line":3,"column":66}},"3":{"start":{"line":4,"column":25},"end":{"line":4,"column":66}},"4":{"start":{"line":5,"column":12},"end":{"line":5,"column":19}},"5":{"start":{"line":7,"column":24},"end":{"line":36,"column":3}},"6":{"start":{"line":8,"column":12},"end":{"line":8,"column":14}},"7":{"start":{"line":11,"column":4},"end":{"line":13,"column":5}},"8":{"start":{"line":12,"column":6},"end":{"line":12,"column":47}},"9":{"start":{"line":14,"column":23},"end":{"line":14,"column":45}},"10":{"start":{"line":15,"column":4},"end":{"line":20,"column":5}},"11":{"start":{"line":16,"column":6},"end":{"line":16,"column":33}},"12":{"start":{"line":19,"column":6},"end":{"line":19,"column":33}},"13":{"start":{"line":23,"column":2},"end":{"line":23,"column":24}},"14":{"start":{"line":24,"column":2},"end":{"line":24,"column":24}},"15":{"start":{"line":25,"column":2},"end":{"line":25,"column":28}},"16":{"start":{"line":26,"column":2},"end":{"line":26,"column":28}},"17":{"start":{"line":27,"column":2},"end":{"line":27,"column":28}},"18":{"start":{"line":28,"column":2},"end":{"line":28,"column":23}},"19":{"start":{"line":29,"column":2},"end":{"line":29,"column":25}},"20":{"start":{"line":30,"column":2},"end":{"line":30,"column":23}},"21":{"start":{"line":31,"column":2},"end":{"line":31,"column":23}},"22":{"start":{"line":33,"column":2},"end":{"line":35,"column":4}},"23":{"start":{"line":34,"column":4},"end":{"line":34,"column":25}},"24":{"start":{"line":39,"column":12},"end":{"line":39,"column":22}},"25":{"start":{"line":40,"column":2},"end":{"line":44,"column":3}},"26":{"start":{"line":41,"column":4},"end":{"line":43,"column":5}},"27":{"start":{"line":42,"column":6},"end":{"line":42,"column":18}},"28":{"start":{"line":45,"column":2},"end":{"line":45,"column":15}},"29":{"start":{"line":49,"column":2},"end":{"line":51,"column":3}},"30":{"start":{"line":50,"column":4},"end":{"line":50,"column":15}},"31":{"start":{"line":52,"column":12},"end":{"line":52,"column":14}},"32":{"start":{"line":53,"column":12},"end":{"line":53,"column":22}},"33":{"start":{"line":54,"column":2},"end":{"line":63,"column":3}},"34":{"start":{"line":55,"column":18},"end":{"line":55,"column":53}},"35":{"start":{"line":56,"column":4},"end":{"line":62,"column":5}},"36":{"start":{"line":57,"column":6},"end":{"line":57,"column":17}},"37":{"start":{"line":58,"column":6},"end":{"line":58,"column":21}},"38":{"start":{"line":61,"column":6},"end":{"line":61,"column":27}},"39":{"start":{"line":64,"column":2},"end":{"line":64,"column":13}},"40":{"start":{"line":75,"column":2},"end":{"line":77,"column":3}},"41":{"start":{"line":76,"column":4},"end":{"line":76,"column":14}},"42":{"start":{"line":78,"column":2},"end":{"line":80,"column":3}},"43":{"start":{"line":79,"column":4},"end":{"line":79,"column":97}},"44":{"start":{"line":81,"column":21},"end":{"line":81,"column":26}},"45":{"start":{"line":82,"column":19},"end":{"line":82,"column":23}},"46":{"start":{"line":83,"column":23},"end":{"line":83,"column":47}},"47":{"start":{"line":84,"column":26},"end":{"line":84,"column":53}},"48":{"start":{"line":85,"column":15},"end":{"line":85,"column":17}},"49":{"start":{"line":90,"column":2},"end":{"line":105,"column":3}},"50":{"start":{"line":91,"column":4},"end":{"line":93,"column":5}},"51":{"start":{"line":92,"column":6},"end":{"line":92,"column":30}},"52":{"start":{"line":94,"column":4},"end":{"line":94,"column":24}},"53":{"start":{"line":95,"column":4},"end":{"line":95,"column":24}},"54":{"start":{"line":96,"column":4},"end":{"line":96,"column":29}},"55":{"start":{"line":97,"column":4},"end":{"line":104,"column":5}},"56":{"start":{"line":98,"column":6},"end":{"line":98,"column":26}},"57":{"start":{"line":99,"column":6},"end":{"line":99,"column":34}},"58":{"start":{"line":100,"column":6},"end":{"line":102,"column":7}},"59":{"start":{"line":101,"column":8},"end":{"line":101,"column":29}},"60":{"start":{"line":103,"column":6},"end":{"line":103,"column":19}},"61":{"start":{"line":106,"column":2},"end":{"line":106,"column":16}},"62":{"start":{"line":109,"column":15},"end":{"line":109,"column":26}},"63":{"start":{"line":116,"column":2},"end":{"line":116,"column":80}},"64":{"start":{"line":124,"column":2},"end":{"line":124,"column":35}},"65":{"start":{"line":128,"column":2},"end":{"line":133,"column":3}},"66":{"start":{"line":129,"column":4},"end":{"line":129,"column":15}},"67":{"start":{"line":132,"column":4},"end":{"line":132,"column":34}},"68":{"start":{"line":137,"column":2},"end":{"line":137,"column":26}},"69":{"start":{"line":141,"column":2},"end":{"line":141,"column":26}},"70":{"start":{"line":152,"column":17},"end":{"line":152,"column":32}},"71":{"start":{"line":153,"column":23},"end":{"line":153,"column":51}},"72":{"start":{"line":154,"column":2},"end":{"line":157,"column":3}},"73":{"start":{"line":155,"column":4},"end":{"line":156,"column":57}},"74":{"start":{"line":158,"column":2},"end":{"line":160,"column":3}},"75":{"start":{"line":159,"column":4},"end":{"line":159,"column":77}},"76":{"start":{"line":161,"column":2},"end":{"line":171,"column":3}},"77":{"start":{"line":162,"column":4},"end":{"line":162,"column":77}},"78":{"start":{"line":165,"column":26},"end":{"line":165,"column":61}},"79":{"start":{"line":166,"column":4},"end":{"line":169,"column":5}},"80":{"start":{"line":167,"column":6},"end":{"line":168,"column":65}},"81":{"start":{"line":170,"column":4},"end":{"line":170,"column":78}},"82":{"start":{"line":175,"column":24},"end":{"line":175,"column":68}},"83":{"start":{"line":176,"column":2},"end":{"line":178,"column":3}},"84":{"start":{"line":177,"column":4},"end":{"line":177,"column":27}},"85":{"start":{"line":179,"column":12},"end":{"line":179,"column":22}},"86":{"start":{"line":180,"column":2},"end":{"line":190,"column":3}},"87":{"start":{"line":181,"column":4},"end":{"line":181,"column":44}},"88":{"start":{"line":182,"column":4},"end":{"line":184,"column":5}},"89":{"start":{"line":183,"column":6},"end":{"line":183,"column":29}},"90":{"start":{"line":185,"column":17},"end":{"line":185,"column":40}},"91":{"start":{"line":186,"column":4},"end":{"line":188,"column":5}},"92":{"start":{"line":187,"column":6},"end":{"line":187,"column":18}},"93":{"start":{"line":189,"column":4},"end":{"line":189,"column":17}},"94":{"start":{"line":191,"column":2},"end":{"line":191,"column":14}},"95":{"start":{"line":195,"column":2},"end":{"line":201,"column":3}},"96":{"start":{"line":196,"column":15},"end":{"line":196,"column":31}},"97":{"start":{"line":197,"column":4},"end":{"line":197,"column":46}},"98":{"start":{"line":200,"column":4},"end":{"line":200,"column":17}},"99":{"start":{"line":210,"column":12},"end":{"line":210,"column":34}},"100":{"start":{"line":211,"column":2},"end":{"line":224,"column":3}},"101":{"start":{"line":212,"column":4},"end":{"line":214,"column":5}},"102":{"start":{"line":213,"column":6},"end":{"line":213,"column":18}},"103":{"start":{"line":215,"column":22},"end":{"line":215,"column":52}},"104":{"start":{"line":216,"column":4},"end":{"line":218,"column":5}},"105":{"start":{"line":217,"column":6},"end":{"line":217,"column":17}},"106":{"start":{"line":219,"column":17},"end":{"line":219,"column":40}},"107":{"start":{"line":220,"column":4},"end":{"line":222,"column":5}},"108":{"start":{"line":221,"column":6},"end":{"line":221,"column":18}},"109":{"start":{"line":223,"column":4},"end":{"line":223,"column":17}},"110":{"start":{"line":225,"column":2},"end":{"line":225,"column":14}},"111":{"start":{"line":235,"column":25},"end":{"line":235,"column":50}},"112":{"start":{"line":237,"column":2},"end":{"line":245,"column":3}},"113":{"start":{"line":238,"column":4},"end":{"line":238,"column":48}},"114":{"start":{"line":239,"column":4},"end":{"line":242,"column":5}},"115":{"start":{"line":240,"column":6},"end":{"line":240,"column":18}},"116":{"start":{"line":241,"column":6},"end":{"line":241,"column":110}},"117":{"start":{"line":244,"column":4},"end":{"line":244,"column":91}},"118":{"start":{"line":246,"column":2},"end":{"line":246,"column":14}},"119":{"start":{"line":249,"column":0},"end":{"line":249,"column":52}},"120":{"start":{"line":250,"column":0},"end":{"line":250,"column":28}},"121":{"start":{"line":251,"column":0},"end":{"line":251,"column":28}},"122":{"start":{"line":252,"column":0},"end":{"line":252,"column":46}},"123":{"start":{"line":253,"column":0},"end":{"line":253,"column":38}},"124":{"start":{"line":254,"column":0},"end":{"line":254,"column":38}},"125":{"start":{"line":255,"column":0},"end":{"line":255,"column":38}},"126":{"start":{"line":256,"column":0},"end":{"line":256,"column":48}},"127":{"start":{"line":257,"column":0},"end":{"line":257,"column":50}}},"fnMap":{"0":{"name":"(anonymous_0)","decl":{"start":{"line":7,"column":24},"end":{"line":7,"column":25}},"loc":{"start":{"line":7,"column":36},"end":{"line":36,"column":1}},"line":7},"1":{"name":"addMapping","decl":{"start":{"line":10,"column":11},"end":{"line":10,"column":21}},"loc":{"start":{"line":10,"column":40},"end":{"line":21,"column":3}},"line":10},"2":{"name":"(anonymous_2)","decl":{"start":{"line":33,"column":9},"end":{"line":33,"column":10}},"loc":{"start":{"line":33,"column":29},"end":{"line":35,"column":3}},"line":33},"3":{"name":"isAttributeValueEscapingNeeded","decl":{"start":{"line":38,"column":9},"end":{"line":38,"column":39}},"loc":{"start":{"line":38,"column":45},"end":{"line":46,"column":1}},"line":38},"4":{"name":"escapeAttributeValue","decl":{"start":{"line":48,"column":9},"end":{"line":48,"column":29}},"loc":{"start":{"line":48,"column":35},"end":{"line":65,"column":1}},"line":48},"5":{"name":"joinList","decl":{"start":{"line":74,"column":9},"end":{"line":74,"column":17}},"loc":{"start":{"line":74,"column":67},"end":{"line":107,"column":1}},"line":74},"6":{"name":"isString","decl":{"start":{"line":115,"column":9},"end":{"line":115,"column":17}},"loc":{"start":{"line":115,"column":25},"end":{"line":117,"column":1}},"line":115},"7":{"name":"isStringPrimitive","decl":{"start":{"line":123,"column":9},"end":{"line":123,"column":26}},"loc":{"start":{"line":123,"column":34},"end":{"line":125,"column":1}},"line":123},"8":{"name":"executeSafely","decl":{"start":{"line":127,"column":9},"end":{"line":127,"column":22}},"loc":{"start":{"line":127,"column":33},"end":{"line":134,"column":1}},"line":127},"9":{"name":"writeToStdout","decl":{"start":{"line":136,"column":9},"end":{"line":136,"column":22}},"loc":{"start":{"line":136,"column":28},"end":{"line":138,"column":1}},"line":136},"10":{"name":"writeToStderr","decl":{"start":{"line":140,"column":9},"end":{"line":140,"column":22}},"loc":{"start":{"line":140,"column":28},"end":{"line":142,"column":1}},"line":140},"11":{"name":"requireMochaModule","decl":{"start":{"line":151,"column":9},"end":{"line":151,"column":27}},"loc":{"start":{"line":151,"column":59},"end":{"line":172,"column":1}},"line":151},"12":{"name":"findMochaDependency","decl":{"start":{"line":174,"column":9},"end":{"line":174,"column":28}},"loc":{"start":{"line":174,"column":41},"end":{"line":192,"column":1}},"line":174},"13":{"name":"directoryExistsSync","decl":{"start":{"line":194,"column":9},"end":{"line":194,"column":28}},"loc":{"start":{"line":194,"column":34},"end":{"line":202,"column":1}},"line":194},"14":{"name":"findPackageRootDir","decl":{"start":{"line":209,"column":9},"end":{"line":209,"column":27}},"loc":{"start":{"line":209,"column":38},"end":{"line":226,"column":1}},"line":209},"15":{"name":"requireBaseReporter","decl":{"start":{"line":234,"column":9},"end":{"line":234,"column":28}},"loc":{"start":{"line":234,"column":31},"end":{"line":247,"column":1}},"line":234}},"branchMap":{"0":{"loc":{"start":{"line":11,"column":4},"end":{"line":13,"column":5}},"type":"if","locations":[{"start":{"line":11,"column":4},"end":{"line":13,"column":5}},{"start":{"line":11,"column":4},"end":{"line":13,"column":5}}],"line":11},"1":{"loc":{"start":{"line":11,"column":8},"end":{"line":11,"column":52}},"type":"binary-expr","locations":[{"start":{"line":11,"column":8},"end":{"line":11,"column":29}},{"start":{"line":11,"column":33},"end":{"line":11,"column":52}}],"line":11},"2":{"loc":{"start":{"line":15,"column":4},"end":{"line":20,"column":5}},"type":"if","locations":[{"start":{"line":15,"column":4},"end":{"line":20,"column":5}},{"start":{"line":15,"column":4},"end":{"line":20,"column":5}}],"line":15},"3":{"loc":{"start":{"line":41,"column":4},"end":{"line":43,"column":5}},"type":"if","locations":[{"start":{"line":41,"column":4},"end":{"line":43,"column":5}},{"start":{"line":41,"column":4},"end":{"line":43,"column":5}}],"line":41},"4":{"loc":{"start":{"line":49,"column":2},"end":{"line":51,"column":3}},"type":"if","locations":[{"start":{"line":49,"column":2},"end":{"line":51,"column":3}},{"start":{"line":49,"column":2},"end":{"line":51,"column":3}}],"line":49},"5":{"loc":{"start":{"line":56,"column":4},"end":{"line":62,"column":5}},"type":"if","locations":[{"start":{"line":56,"column":4},"end":{"line":62,"column":5}},{"start":{"line":56,"column":4},"end":{"line":62,"column":5}}],"line":56},"6":{"loc":{"start":{"line":75,"column":2},"end":{"line":77,"column":3}},"type":"if","locations":[{"start":{"line":75,"column":2},"end":{"line":77,"column":3}},{"start":{"line":75,"column":2},"end":{"line":77,"column":3}}],"line":75},"7":{"loc":{"start":{"line":78,"column":2},"end":{"line":80,"column":3}},"type":"if","locations":[{"start":{"line":78,"column":2},"end":{"line":80,"column":3}},{"start":{"line":78,"column":2},"end":{"line":80,"column":3}}],"line":78},"8":{"loc":{"start":{"line":91,"column":4},"end":{"line":93,"column":5}},"type":"if","locations":[{"start":{"line":91,"column":4},"end":{"line":93,"column":5}},{"start":{"line":91,"column":4},"end":{"line":93,"column":5}}],"line":91},"9":{"loc":{"start":{"line":100,"column":6},"end":{"line":102,"column":7}},"type":"if","locations":[{"start":{"line":100,"column":6},"end":{"line":102,"column":7}},{"start":{"line":100,"column":6},"end":{"line":102,"column":7}}],"line":100},"10":{"loc":{"start":{"line":100,"column":10},"end":{"line":100,"column":67}},"type":"binary-expr","locations":[{"start":{"line":100,"column":10},"end":{"line":100,"column":38}},{"start":{"line":100,"column":42},"end":{"line":100,"column":67}}],"line":100},"11":{"loc":{"start":{"line":116,"column":9},"end":{"line":116,"column":79}},"type":"binary-expr","locations":[{"start":{"line":116,"column":9},"end":{"line":116,"column":33}},{"start":{"line":116,"column":37},"end":{"line":116,"column":79}}],"line":116},"12":{"loc":{"start":{"line":154,"column":2},"end":{"line":157,"column":3}},"type":"if","locations":[{"start":{"line":154,"column":2},"end":{"line":157,"column":3}},{"start":{"line":154,"column":2},"end":{"line":157,"column":3}}],"line":154},"13":{"loc":{"start":{"line":158,"column":2},"end":{"line":160,"column":3}},"type":"if","locations":[{"start":{"line":158,"column":2},"end":{"line":160,"column":3}},{"start":{"line":158,"column":2},"end":{"line":160,"column":3}}],"line":158},"14":{"loc":{"start":{"line":166,"column":4},"end":{"line":169,"column":5}},"type":"if","locations":[{"start":{"line":166,"column":4},"end":{"line":169,"column":5}},{"start":{"line":166,"column":4},"end":{"line":169,"column":5}}],"line":166},"15":{"loc":{"start":{"line":176,"column":2},"end":{"line":178,"column":3}},"type":"if","locations":[{"start":{"line":176,"column":2},"end":{"line":178,"column":3}},{"start":{"line":176,"column":2},"end":{"line":178,"column":3}}],"line":176},"16":{"loc":{"start":{"line":182,"column":4},"end":{"line":184,"column":5}},"type":"if","locations":[{"start":{"line":182,"column":4},"end":{"line":184,"column":5}},{"start":{"line":182,"column":4},"end":{"line":184,"column":5}}],"line":182},"17":{"loc":{"start":{"line":186,"column":4},"end":{"line":188,"column":5}},"type":"if","locations":[{"start":{"line":186,"column":4},"end":{"line":188,"column":5}},{"start":{"line":186,"column":4},"end":{"line":188,"column":5}}],"line":186},"18":{"loc":{"start":{"line":197,"column":11},"end":{"line":197,"column":45}},"type":"binary-expr","locations":[{"start":{"line":197,"column":11},"end":{"line":197,"column":23}},{"start":{"line":197,"column":27},"end":{"line":197,"column":45}}],"line":197},"19":{"loc":{"start":{"line":212,"column":4},"end":{"line":214,"column":5}},"type":"if","locations":[{"start":{"line":212,"column":4},"end":{"line":214,"column":5}},{"start":{"line":212,"column":4},"end":{"line":214,"column":5}}],"line":212},"20":{"loc":{"start":{"line":216,"column":4},"end":{"line":218,"column":5}},"type":"if","locations":[{"start":{"line":216,"column":4},"end"
[...]
les\\JetBrains\\WebStorm 2017.2.1\\plugins\\NodeJS\\js\\mocha-intellij\\lib\\mocha-intellij-stringifier.js","statementMap":{"0":{"start":{"line":1,"column":11},"end":{"line":1,"column":41}},"1":{"start":{"line":9,"column":2},"end":{"line":17,"column":3}},"2":{"start":{"line":10,"column":21},"end":{"line":10,"column":59}},"3":{"start":{"line":11,"column":4},"end":{"line":13,"column":5}},"4":{"start":{"line":12,"column":6},"end":{"line":12,"column":40}},"5":{"start":{"line":18,"column":2},"end":{"line":20,"column":3}},"6":{"start":{"line":19,"column":4},"end":{"line":19,"column":15}},"7":{"start":{"line":21,"column":2},"end":{"line":21,"column":33}},"8":{"start":{"line":22,"column":2},"end":{"line":24,"column":3}},"9":{"start":{"line":23,"column":4},"end":{"line":23,"column":15}},"10":{"start":{"line":25,"column":2},"end":{"line":25,"column":79}},"11":{"start":{"line":33,"column":24},"end":{"line":33,"column":51}},"12":{"start":{"line":34,"column":2},"end":{"line":36,"column":3}},"13":{"start":{"line":35,"column":4},"end":{"line":35,"column":38}},"14":{"start":{"line":37,"column":2},"end":{"line":39,"column":3}},"15":{"start":{"line":38,"column":4},"end":{"line":38,"column":23}},"16":{"start":{"line":40,"column":2},"end":{"line":40,"column":50}},"17":{"start":{"line":44,"column":2},"end":{"line":44,"column":29}},"18":{"start":{"line":48,"column":14},"end":{"line":48,"column":16}},"19":{"start":{"line":49,"column":2},"end":{"line":82,"column":12}},"20":{"start":{"line":50,"column":4},"end":{"line":52,"column":5}},"21":{"start":{"line":51,"column":6},"end":{"line":51,"column":19}},"22":{"start":{"line":53,"column":4},"end":{"line":55,"column":5}},"23":{"start":{"line":54,"column":6},"end":{"line":54,"column":19}},"24":{"start":{"line":56,"column":4},"end":{"line":58,"column":5}},"25":{"start":{"line":57,"column":6},"end":{"line":57,"column":19}},"26":{"start":{"line":60,"column":4},"end":{"line":62,"column":5}},"27":{"start":{"line":61,"column":6},"end":{"line":61,"column":59}},"28":{"start":{"line":63,"column":4},"end":{"line":63,"column":22}},"29":{"start":{"line":65,"column":4},"end":{"line":69,"column":5}},"30":{"start":{"line":66,"column":6},"end":{"line":68,"column":9}},"31":{"start":{"line":67,"column":8},"end":{"line":67,"column":31}},"32":{"start":{"line":71,"column":4},"end":{"line":79,"column":5}},"33":{"start":{"line":72,"column":17},"end":{"line":72,"column":35}},"34":{"start":{"line":73,"column":6},"end":{"line":73,"column":18}},"35":{"start":{"line":74,"column":16},"end":{"line":74,"column":18}},"36":{"start":{"line":75,"column":6},"end":{"line":77,"column":9}},"37":{"start":{"line":76,"column":8},"end":{"line":76,"column":38}},"38":{"start":{"line":78,"column":6},"end":{"line":78,"column":17}},"39":{"start":{"line":81,"column":4},"end":{"line":81,"column":17}},"40":{"start":{"line":85,"column":0},"end":{"line":85,"column":30}}},"fnMap":{"0":{"name":"stringify","decl":{"start":{"line":7,"column":9},"end":{"line":7,"column":18}},"loc":{"start":{"line":7,"column":26},"end":{"line":26,"column":1}},"line":7},"1":{"name":"failoverStringify","decl":{"start":{"line":32,"column":9},"end":{"line":32,"column":26}},"loc":{"start":{"line":32,"column":34},"end":{"line":41,"column":1}},"line":32},"2":{"name":"isObject","decl":{"start":{"line":43,"column":9},"end":{"line":43,"column":17}},"loc":{"start":{"line":43,"column":23},"end":{"line":45,"column":1}},"line":43},"3":{"name":"deepCopyAndNormalize","decl":{"start":{"line":47,"column":9},"end":{"line":47,"column":29}},"loc":{"start":{"line":47,"column":37},"end":{"line":83,"column":1}},"line":47},"4":{"name":"doCopy","decl":{"start":{"line":49,"column":19},"end":{"line":49,"column":25}},"loc":{"start":{"line":49,"column":33},"end":{"line":82,"column":3}},"line":49},"5":{"name":"(anonymous_5)","decl":{"start":{"line":66,"column":23},"end":{"line":66,"column":24}},"loc":{"start":{"line":66,"column":42},"end":{"line":68,"column":7}},"line":66},"6":{"name":"(anonymous_6)","decl":{"start":{"line":75,"column":19},"end":{"line":75,"column":20}},"loc":{"start":{"line":75,"column":34},"end":{"line":77,"column":7}},"line":75}},"branchMap":{"0":{"loc":{"start":{"line":11,"column":4},"end":{"line":13,"column":5}},"type":"if","locations":[{"start":{"line":11,"column":4},"end":{"line":13,"column":5}},{"start":{"line":11,"column":4},"end":{"line":13,"column":5}}],"line":11},"1":{"loc":{"start":{"line":11,"column":8},"end":{"line":11,"column":72}},"type":"binary-expr","locations":[{"start":{"line":11,"column":8},"end":{"line":11,"column":26}},{"start":{"line":11,"column":30},"end":{"line":11,"column":72}}],"line":11},"2":{"loc":{"start":{"line":18,"column":2},"end":{"line":20,"column":3}},"type":"if","locations":[{"start":{"line":18,"column":2},"end":{"line":20,"column":3}},{"start":{"line":18,"column":2},"end":{"line":20,"column":3}}],"line":18},"3":{"loc":{"start":{"line":22,"column":2},"end":{"line":24,"column":3}},"type":"if","locations":[{"start":{"line":22,"column":2},"end":{"line":24,"column":3}},{"start":{"line":22,"column":2},"end":{"line":24,"column":3}}],"line":22},"4":{"loc":{"start":{"line":34,"column":2},"end":{"line":36,"column":3}},"type":"if","locations":[{"start":{"line":34,"column":2},"end":{"line":36,"column":3}},{"start":{"line":34,"column":2},"end":{"line":36,"column":3}}],"line":34},"5":{"loc":{"start":{"line":37,"column":2},"end":{"line":39,"column":3}},"type":"if","locations":[{"start":{"line":37,"column":2},"end":{"line":39,"column":3}},{"start":{"line":37,"column":2},"end":{"line":39,"column":3}}],"line":37},"6":{"loc":{"start":{"line":50,"column":4},"end":{"line":52,"column":5}},"type":"if","locations":[{"start":{"line":50,"column":4},"end":{"line":52,"column":5}},{"start":{"line":50,"column":4},"end":{"line":52,"column":5}}],"line":50},"7":{"loc":{"start":{"line":53,"column":4},"end":{"line":55,"column":5}},"type":"if","locations":[{"start":{"line":53,"column":4},"end":{"line":55,"column":5}},{"start":{"line":53,"column":4},"end":{"line":55,"column":5}}],"line":53},"8":{"loc":{"start":{"line":53,"column":8},"end":{"line":53,"column":92}},"type":"binary-expr","locations":[{"start":{"line":53,"column":8},"end":{"line":53,"column":33}},{"start":{"line":53,"column":37},"end":{"line":53,"column":63}},{"start":{"line":53,"column":67},"end":{"line":53,"column":92}}],"line":53},"9":{"loc":{"start":{"line":56,"column":4},"end":{"line":58,"column":5}},"type":"if","locations":[{"start":{"line":56,"column":4},"end":{"line":58,"column":5}},{"start":{"line":56,"column":4},"end":{"line":58,"column":5}}],"line":56},"10":{"loc":{"start":{"line":60,"column":4},"end":{"line":62,"column":5}},"type":"if","locations":[{"start":{"line":60,"column":4},"end":{"line":62,"column":5}},{"start":{"line":60,"column":4},"end":{"line":62,"column":5}}],"line":60},"11":{"loc":{"start":{"line":65,"column":4},"end":{"line":69,"column":5}},"type":"if","locations":[{"start":{"line":65,"column":4},"end":{"line":69,"column":5}},{"start":{"line":65,"column":4},"end":{"line":69,"column":5}}],"line":65},"12":{"loc":{"start":{"line":71,"column":4},"end":{"line":79,"column":5}},"type":"if","locations":[{"start":{"line":71,"column":4},"end":{"line":79,"column":5}},{"start":{"line":71,"column":4},"end":{"line":79,"column":5}}],"line":71}},"s":{"0":1,"1":0,"2":0,"3":0,"4":0,"5":0,"6":0,"7":0,"8":0,"9":0,"10":0,"11":0,"12":0,"13":0,"14":0,"15":0,"16":0,"17":0,"18":0,"19":0,"20":0,"21":0,"22":0,"23":0,"24":0,"25":0,"26":0,"27":0,"28":0,"29":0,"30":0,"31":0,"32":0,"33":0,"34":0,"35":0,"36":0,"37":0,"38":0,"39":0,"40":1},"f":{"0":0,"1":0,"2":0,"3":0,"4":0,"5":0,"6":0},"b":{"0":[0,0],"1":[0,0],"2":[0,0],"3":[0,0],"4":[0,0],"5":[0,0],"6":[0,0],"7":[0,0],"8":[0,0,0],"9":[0,0],"10":[0,0],"11":[0,0],"12":[0,0]},"_coverageSchema":"332fd63041d2c1bcb487cc26dd0d5f7d97098a6c","hash":"7a02e5c6c18c52692c5ee1ccff742767975ebe6c","contentHash":"4f6196e09c1c0922b1e201894e345add_11.2.1"},"C:\\Program Files\\JetBrains\\WebStorm 2017.2.1\\plugins\\NodeJS\\js\\mocha-intellij\\lib\\single-element-queue.js":{"path":"C:\\Program Files\\JetBrains\\WebStorm 2017.2.1\\plugins\\NodeJS\\js\\mocha-intellij\\lib\\single-element-queue.js","statementMap":{"0":{"start":{"line":6,"column":2},"end":{"line":6,"column":29}},"1":{"start":{"line":7,"column":2},"end":{"line":7,"column":22}},"2":{"start":{"line":10,"column":0},"end":{"line":16,"column":2}},"3":{"start":{"line":11,"column":2},"end":{"line":14,"column":3}},"4":{"start":{"line":12,"column":4},"end":{"line":12,"column":88}},"5":{"start":{"line":13,"column":4},"end":{"line":13,"column":33}},"6":{"start":{"line":15,"column":2},"end":{"line":15,"column":25}},"7":{"start":{"line":18,"column":0},"end":{"line":23,"column":2}},"8":{"start":{"line":19,"column":2},"end":{"line":22,"column":3}},"9":{"start":{"line":20,"column":4},"end":{"line":20,"column":33}},"10":{"start":{"line":21,"column":4},"end":{"line":21,"column":24}},"11":{"start":{"line":25,"column":0},"end":{"line":25,"column":36}}},"fnMap":{"0":{"name":"SingleElementQueue","decl":{"start":{"line":5,"column":9},"end":{"line":5,"column":27}},"loc":{"start":{"line":5,"column":39},"end":{"line":8,"column":1}},"line":5},"1":{"name":"(anonymous_1)","decl":{"start":{"line":10,"column":35},"end":{"line":10,"column":36}},"loc":{"start":{"line":10,"column":54},"end":{"line":16,"column":1}},"line":10},"2":{"name":"(anonymous_2)","decl":{"start":{"line":18,"column":42},"end":{"line":18,"column":43}},"loc":{"start":{"line":18,"column":54},"end":{"line":23,"column":1}},"line":18}},"branchMap":{"0":{"loc":{"start":{"line":11,"column":2},"end":{"line":14,"column":3}},"type":"if","locations":[{"start":{"line":11,"column":2},"end":{"line":14,"column":3}},{"start":{"line":11,"column":2},"end":{"line":14,"column":3}}],"line":11},"1":{"loc":{"start":{"line":19,"column":2},"end":{"line":22,"column":3}},"type":"if","locations":[{"start":{"line":19,"column":2},"end":{"line":22,"column":3}},{"start":{"line":19,"column":2},"end":{"line":22,"column":3}}],"line":19}},"s":{"0":1,"1":1,"2":1,"3":4,"4":0,"5":0,"6":4,"7":1,"8":11,"9":4,"10":4,"11":1},"f":{"0":1,"1":4,"2":11},"b":{"0":[0,4],"1":[4,7]},"_coverageSchema":"332fd63041d2c1bcb487cc26dd0d5f7d97098a6c","hash":"0ae46385ebe719053f9505683f9712c74c321451","contentHash":"48f9c1b4d005ac0d8642584e323ff429_11.2.1"},"G:\\Dropbox\\JS.Yandex\\javascript-task-3\\robbery.js":{"path":"G:\\Dropbox\\JS.Yandex\\javascript-task-3\\robbery.js","statementMap":{"0":{"start":{"line":3,"column":17},"end":{"line":3,"column":59}},"1":{"start":{"line":9,"column":0},"end":{"line":9,"column":22}},"2":{"start":{"line":19,"column":0},"end":{"line":95,"column":2}},"3":{"start":{"line":20,"column":4},"end":{"line":20,"column":51}},"4":{"start":{"line":22,"column":19},"end":{"line":22,"column":90}},"5":{"start":{"line":22,"column":43},"end":{"line":22,"column":89}},"6":{"start":{"line":23,"column":21},"end":{"line":23,"column":85}},"7":{"start":{"line":23,"column":40},"end":{"line":23,"column":84}},"8":{"start":{"line":24,"column":23},"end":{"line":27,"column":6}},"9":{"start":{"line":24,"column":52},"end":{"line":27,"column":5}},"10":{"start":{"line":29,"column":25},"end":{"line":31,"column":22}},"11":{"start":{"line":33,"column":27},"end":{"line":36,"column":66}},"12":{"start":{"line":34,"column":33},"end":{"line":34,"column":61}},"13":{"start":{"line":38,"column":17},"end":{"line":38,"column":68}},"14":{"start":{"line":40,"column":4},"end":{"line":94,"column":6}},"15":{"start":{"line":47,"column":12},"end":{"line":47,"column":34}},"16":{"start":{"line":58,"column":12},"end":{"line":60,"column":13}},"17":{"start":{"line":59,"column":16},"end":{"line":59,"column":26}},"18":{"start":{"line":62,"column":34},"end":{"line":62,"column":57}},"19":{"start":{"line":63,"column":28},"end":{"line":63,"column":46}},"20":{"start":{"line":64,"column":24},"end":{"line":64,"column":75}},"21":{"start":{"line":65,"column":26},"end":{"line":65,"column":66}},"22":{"start":{"line":67,"column":28},"end":{"line":67,"column":77}},"23":{"start":{"line":68,"column":29},"end":{"line":68,"column":72}},"24":{"start":{"line":70,"column":30},"end":{"line":70,"column":63}},"25":{"start":{"line":71,"column":12},"end":{"line":71,"column":62}},"26":{"start":{"line":72,"column":12},"end":{"line":72,"column":68}},"27":{"start":{"line":74,"column":12},"end":{"line":74,"column":31}},"28":{"start":{"line":83,"column":12},"end":{"line":85,"column":13}},"29":{"start":{"line":84,"column":16},"end":{"line":84,"column":29}},"30":{"start":{"line":87,"column":30},"end":{"line":87,"column":96}},"31":{"start":{"line":88,"column":12},"end":{"line":90,"column":13}},"32":{"start":{"line":89,"column":16},"end":{"line":89,"column":35}},"33":{"start":{"line":92,"column":12},"end":{"line":92,"column":37}},"34":{"start":{"line":98,"column":17},"end":{"line":98,"column":22}},"35":{"start":{"line":99,"column":15},"end":{"line":99,"column":16}},"36":{"start":{"line":101,"column":4},"end":{"line":116,"column":5}},"37":{"start":{"line":102,"column":27},"end":{"line":105,"column":22}},"38":{"start":{"line":103,"column":12},"end":{"line":104,"column":64}},"39":{"start":{"line":107,"column":27},"end":{"line":109,"column":21}},"40":{"start":{"line":108,"column":12},"end":{"line":108,"column":53}},"41":{"start":{"line":111,"column":8},"end":{"line":115,"column":9}},"42":{"start":{"line":112,"column":12},"end":{"line":112,"column":21}},"43":{"start":{"line":113,"column":12},"end":{"line":113,"column":26}},"44":{"start":{"line":114,"column":12},"end":{"line":114,"column":18}},"45":{"start":{"line":118,"column":4},"end":{"line":121,"column":6}},"46":{"start":{"line":125,"column":21},"end":{"line":125,"column":45}},"47":{"start":{"line":127,"column":4},"end":{"line":130,"column":6}},"48":{"start":{"line":134,"column":22},"end":{"line":134,"column":40}},"49":{"start":{"line":135,"column":21},"end":{"line":135,"column":33}},"50":{"start":{"line":136,"column":32},"end":{"line":136,"column":51}},"51":{"start":{"line":137,"column":29},"end":{"line":137,"column":69}},"52":{"start":{"line":137,"column":57},"end":{"line":137,"column":68}},"53":{"start":{"line":138,"column":21},"end":{"line":138,"column":51}},"54":{"start":{"line":140,"column":4},"end":{"line":143,"column":6}}},"fnMap":{"0":{"name":"(anonymous_0)","decl":{"start":{"line":19,"column":31},"end":{"line":19,"column":32}},"loc":{"start":{"line":19,"column":75},"end":{"line":95,"column":1}},"line":19},"1":{"name":"(anonymous_1)","decl":{"start":{"line":22,"column":19},"end":{"line":22,"column":20}},"loc":{"start":{"line":22,"column":43},"end":{"line":22,"column":89}},"line":22},"2":{"name":"(anonymous_2)","decl":{"start":{"line":23,"column":21},"end":{"line":23,"column":22}},"loc":{"start":{"line":23,"column":40},"end":{"line":23,"column":84}},"line":23},"3":{"name":"(anonymous_3)","decl":{"start":{"line":24,"column":23},"end":{"line":24,"column":24}},"loc":{"start":{"line":24,"column":52},"end":{"line":27,"column":5}},"line":24},"4":{"name":"(anonymous_4)","decl":{"start":{"line":34,"column":16},"end":{"line":34,"column":17}},"loc":{"start":{"line":34,"column":33},"end":{"line":34,"column":61}},"line":34},"5":{"name":"(anonymous_5)","decl":{"start":{"line":46,"column":16},"end":{"line":46,"column":17}},"loc":{"start":{"line":46,"column":28},"end":{"line":48,"column":9}},"line":46},"6":{"name":"(anonymous_6)","decl":{"start":{"line":57,"column":16},"end":{"line":57,"column":17}},"loc":{"start":{"line":57,"column":36},"end":{"line":75,"column":9}},"line":57},"7":{"name":"(anonymous_7)","decl":{"start":{"line":82,"column":18},"end":{"line":82,"column":19}},"loc":{"start":{"line":82,"column":30},"end":{"line":93,"column":9}},"line":82},"8":{"name":"findFrom","decl":{"start":{"line":97,"column":9},"end":{"line":97,"column":17}},"loc":{"start":{"line":97,"column":62},"end":{"line":122,"column":1}},"line":97},"9":{"name":"(anonymous_9)","decl":{"start":{"line":102,"column":43},"end":{"line":102,"column":44}},"loc":{"start":{"line":103,"column":12},"end":{"line":104,"column":64}},"line":103},"10":{"name":"(anonymous_10)","decl":{"start":{"line":107,"column":47},"end":{"line":107,"column":48}},"loc":{"start":{"line":108,"column":12},"end":{"line":108,"column":53}},"line":108},"11":{"name":"convertTimeZone","decl":{"start":{"line":124,"column":9},"end":{"line":124,"column":24}},"loc":{"start":{"line":124,"column":41},"end":{"line":131,"column":1}},"line":124},"12":{"name":"parseDate","decl":{"start":{"line":133,"column":9},"end":{"line":133,"column":18}},"loc":{"start":{"line":133,"column":28},"end":{"line":144,"column":1}},"line":133},"13":{"name":"(anonymous_13)","decl":{"start":{"line":137,"column":52},"end":{"line":137,"column":53}},"loc":{"start":{"line":137,"column":57},"end":{"line":137,"column":68}},"line":137}},"branchMap":{"0":{"loc":{"start":{"line":58,"column":12},"end":{"line":60,"column":13}},"type":"if","locations":[{"start":{"line":58,"column":12},"end":{"line":60,"column":13}},{"start":{"line":58,"column":12},"end":{"line":60,"column":13}}],"line":58},"1":{"loc":{"start":{"line":67,"column":28},"end":{"line":67,"column":77}},"type":"cond-expr","locations":[{"start":{"line":67,"column":43},"end":{"line":67,"column":67}},{"start":{"line":67,"column":70},"end":{"line":67,"column":77}}],"line":67},"2":{"loc":{"start":{"line":68,"column":29},"end":{"line":68,"column":72}},"type":"cond-expr","locations":[{"start":{"line":68,"column":42},"end":{"line":68,"column":64}},{"start":{"line":68,"column":67},"end":{"line":68,"column":72}}],"line":68},"3":{"loc":{"start":{"line":83,"column":12},"end":{"line":85,"column":13}},"type":"if","locations":[{"start":{"line":83,"column":12},"end":{"line":85,"column":13}},{"start":{"line":83,"column":12},"end":{"line":85,"column":13}}],"line":83},"4":{"loc":{"start":{"line":88,"column":12},"end":{"line":90,"column":13}},"type":"if","locations":[{"start":{"line":88,"column":12},"end":{"line":90,"column":13}},{"start":{"line":88,"column":12},"end":{"line":90,"column":13}}],"line":88},"5":{"loc":{"start":{"line":103,"column":12},"end":{"line":104,"column":64}},"type":"binary-expr","locations":[{"start":{"line":103,"column":13},"end":{"line":103,"column":26}},{"start":{"line":103,"column":30},"end":{"line":103,"column":41}},{"start":{"line":104,"column":13},"end":{"line":104,"column":37}},{"start":{"line":104,"column":41},"end":{"line":104,"column":63}}],"line":103},"6":{"loc":{"start":{"line":108,"column":12},"end":{"line":108,"column":53}},"type":"binary-expr","locations":[{"start":{"line":108,"column":12},"end":{"line":108,"column":26}},{"start":{"line":108,"column":30},"end":{"line":108,"column":53}}],"line":108},"7":{"loc":{"start":{"line":111,"column":8},"end":{"line":115,"column":9}},"type":"if","locations":[{"start":{"line":111,"column":8},"end":{"line":115,"column":9}},{"start":{"line":111,"column":8},"end":{"line":115,"column":9}}],"line":111},"8":{"loc":{"start":{"line":111,"column":12},"end":{"line":111,"column":36}},"type":"binary-expr","locations":[{"start":{"line":111,"column":12},"end":{"line":111,"column":22}},{"start":{"line":111,"column":26},"end":{"line":111,"column":36}}],"line":111}},"s":{"0":1,"1":1,"2":1,"3":4,"4":4,"5":12,"6":4,"7":40,"8":4,"9":28,"10":4,"11":4,"12":12,"13":4,"14":4,"15":2,"16":6,"17":1,"18":5,"19":5,"20":5,"21":5,"22":5,"23":5,"24":5,"25":5,"26":5,"27":5,"28":7,"29":0,"30":7,"31":7,"32":6,"33":7,"34":11,"35":11,"36":11,"37":14049,"38":98343,"39":14049,"40":42147,"41":14049,"42":9,"43":9,"44":9,"45":11,"46":56,"47":56,"48":80,"49":80,"50":80,"51":80,"52":160,"53":80,"54":80},"f":{"0":4,"1":12,"2":40,"3":28,"4":12,"5":2,"6":6,"7":7,"8":11,"9":98343,"10":42147,"11":56,"12":80,"13":160},"b":{"0":[1,5],"1":[3,2],"2":[0,5],"3":[0,7],"4":[6,1],"5":[98343,54504,90027,48420],"6":[42147,19190],"7":[9,14040],"8":[14049,7245]},"_coverageSchema":"332fd63041d2c1bcb487cc26dd0d5f7d97098a6c","hash":"076262f3c2eec3ad0e72ddfd1e17677bfaa2b097","contentHash":"2d797964561e6f44da0ffeb132f06c22_11.2.1"}}